#
# There is insufficient memory for the Java Runtime Environment to continue.
# Native memory allocation (mmap) failed to map 122683392 bytes for committing reserved memory.
# Possible reasons:
#   The system is out of physical RAM or swap space
#   In 32 bit mode, the process size limit was hit
# Possible solutions:
#   Reduce memory load on the system
#   Increase physical memory or swap space
#   Check if swap backing store is full
#   Use 64 bit Java on a 64 bit OS
#   Decrease Java heap size (-Xmx/-Xms)
#   Decrease number of Java threads
#   Decrease Java thread stack sizes (-Xss)
#   Set larger code cache with -XX:ReservedCodeCacheSize=
# This output file may be truncated or incomplete.
#
#  Out of Memory Error (os_linux.cpp:2627), pid=18917, tid=0x00007f58ab0b6700
#
# JRE version: OpenJDK Runtime Environment (8.0_76-b03) (build 1.8.0_76-release-b03)
# Java VM: OpenJDK 64-Bit Server VM (25.76-b03 mixed mode linux-amd64 compressed oops)
# Failed to write core dump. Core dumps have been disabled. To enable core dumping, try "ulimit -c unlimited" before starting Java again
#

---------------  T H R E A D  ---------------

Current thread (0x00007f58c4073000):  VMThread [stack: 0x00007f58aafb6000,0x00007f58ab0b7000] [id=18928]

Stack: [0x00007f58aafb6000,0x00007f58ab0b7000],  sp=0x00007f58ab0b54c0,  free space=1021k
Native frames: (J=compiled Java code, j=interpreted, Vv=VM code, C=native code)
V  [libjvm.so+0x9d9fcd]  VMError::report_and_die()+0x15d
V  [libjvm.so+0x4b4d4a]  report_vm_out_of_memory(char const*, int, unsigned long, VMErrorType, char const*)+0x8a
V  [libjvm.so+0x845190]  os::pd_commit_memory(char*, unsigned long, unsigned long, bool)+0xf0
V  [libjvm.so+0x83fcbf]  os::commit_memory(char*, unsigned long, unsigned long, bool)+0x1f
V  [libjvm.so+0x8b4d9b]  PSVirtualSpace::expand_by(unsigned long)+0x5b
V  [libjvm.so+0x8b5a10]  PSYoungGen::resize_generation(unsigned long, unsigned long)+0xb0
V  [libjvm.so+0x8b5d2b]  PSYoungGen::resize(unsigned long, unsigned long)+0x1b
V  [libjvm.so+0x8b241c]  PSScavenge::invoke_no_policy()+0xdac
V  [libjvm.so+0x8b2bf8]  PSScavenge::invoke()+0x38
V  [libjvm.so+0x8681f3]  ParallelScavengeHeap::failed_mem_allocate(unsigned long)+0x63
V  [libjvm.so+0x9dba94]  VM_ParallelGCFailedAllocation::doit()+0x84
V  [libjvm.so+0x9dfe47]  VM_Operation::evaluate()+0x47
V  [libjvm.so+0x9de908]  VMThread::evaluate_operation(VM_Operation*)+0x2c8
V  [libjvm.so+0x9ded89]  VMThread::loop()+0x219
V  [libjvm.so+0x9df1d2]  VMThread::run()+0x72
V  [libjvm.so+0x8425b2]  java_start(Thread*)+0xf2

VM_Operation (0x00007f58a83bdc40): ParallelGCFailedAllocation, mode: safepoint, requested by thread 0x00007f587c02d800


---------------  P R O C E S S  ---------------

Java Threads: ( => current thread )
  0x00007f58c4b09000 JavaThread "stdout" daemon [_thread_blocked, id=19306, stack(0x00007f586e793000,0x00007f586e894000)]
  0x00007f58c4b15000 JavaThread "stderr" daemon [_thread_blocked, id=19305, stack(0x00007f586e894000,0x00007f586e995000)]
  0x00007f5878007800 JavaThread "stdout" daemon [_thread_blocked, id=19304, stack(0x00007f586e995000,0x00007f586ea96000)]
  0x00007f5878003800 JavaThread "stderr" daemon [_thread_blocked, id=19303, stack(0x00007f586ea96000,0x00007f586eb97000)]
  0x00007f5878005800 JavaThread "process reaper" daemon [_thread_in_native, id=19302, stack(0x00007f586eb97000,0x00007f586ebd0000)]
  0x00007f588c00e800 JavaThread "stdout" daemon [_thread_blocked, id=19301, stack(0x00007f586ebd0000,0x00007f586ecd1000)]
  0x00007f588c007000 JavaThread "stderr" daemon [_thread_blocked, id=19300, stack(0x00007f586ecd1000,0x00007f586edd2000)]
  0x00007f588c005000 JavaThread "process reaper" daemon [_thread_in_native, id=19299, stack(0x00007f586edd2000,0x00007f586ee0b000)]
  0x00007f58883cd800 JavaThread "stdout" daemon [_thread_blocked, id=19298, stack(0x00007f586ee0b000,0x00007f586ef0c000)]
  0x00007f588829a800 JavaThread "stderr" daemon [_thread_blocked, id=19297, stack(0x00007f586ef0c000,0x00007f586f00d000)]
  0x00007f5888299000 JavaThread "process reaper" daemon [_thread_in_native, id=19296, stack(0x00007f586f00d000,0x00007f586f046000)]
  0x00007f5870004000 JavaThread "stdout" daemon [_thread_blocked, id=19295, stack(0x00007f586f046000,0x00007f586f147000)]
  0x00007f5870c84000 JavaThread "stderr" daemon [_thread_blocked, id=19294, stack(0x00007f586f147000,0x00007f586f248000)]
  0x00007f5870016800 JavaThread "process reaper" daemon [_thread_in_native, id=19293, stack(0x00007f586f248000,0x00007f586f281000)]
  0x00007f5890005800 JavaThread "stdout" daemon [_thread_blocked, id=19292, stack(0x00007f586f281000,0x00007f586f382000)]
  0x00007f5890003800 JavaThread "stderr" daemon [_thread_blocked, id=19291, stack(0x00007f586f382000,0x00007f586f483000)]
  0x00007f5890001800 JavaThread "process reaper" daemon [_thread_in_native, id=19290, stack(0x00007f586f483000,0x00007f586f4bc000)]
  0x00007f58951c5000 JavaThread "stdout" daemon [_thread_blocked, id=19289, stack(0x00007f586f4bc000,0x00007f586f5bd000)]
  0x00007f58951c4000 JavaThread "stderr" daemon [_thread_in_native, id=19288, stack(0x00007f586f5bd000,0x00007f586f6be000)]
  0x00007f5894ab1800 JavaThread "process reaper" daemon [_thread_in_native, id=19287, stack(0x00007f586f6be000,0x00007f586f6f7000)]
  0x00007f589c035800 JavaThread "stdout" daemon [_thread_blocked, id=19286, stack(0x00007f586f6f7000,0x00007f586f7f8000)]
  0x00007f589c034800 JavaThread "stderr" daemon [_thread_in_native, id=19285, stack(0x00007f586f7f8000,0x00007f586f8f9000)]
  0x00007f589c033800 JavaThread "process reaper" daemon [_thread_in_native, id=19284, stack(0x00007f5874014000,0x00007f587404d000)]
  0x0000000000f67000 JavaThread "stdout" daemon [_thread_blocked, id=19283, stack(0x00007f586f8f9000,0x00007f586f9fa000)]
  0x0000000000f65000 JavaThread "stderr" daemon [_thread_in_native, id=19282, stack(0x00007f586f9fa000,0x00007f586fafb000)]
  0x0000000000f63000 JavaThread "process reaper" daemon [_thread_in_native, id=19281, stack(0x00007f587404d000,0x00007f5874086000)]
  0x00007f587c015000 JavaThread "stdout" daemon [_thread_blocked, id=19280, stack(0x00007f586fafb000,0x00007f586fbfc000)]
  0x00007f587c02e800 JavaThread "stderr" daemon [_thread_in_native, id=19279, stack(0x00007f586fbfc000,0x00007f586fcfd000)]
  0x00007f587c02f800 JavaThread "process reaper" daemon [_thread_in_native, id=19277, stack(0x00007f5874086000,0x00007f58740bf000)]
  0x00007f58a407b800 JavaThread "png-cruncher_10" daemon [_thread_blocked, id=19275, stack(0x00007f586fcfd000,0x00007f586fdfe000)]
  0x00007f58a4079800 JavaThread "png-cruncher_9" daemon [_thread_blocked, id=19272, stack(0x00007f586fdfe000,0x00007f586feff000)]
  0x00007f58a4078000 JavaThread "png-cruncher_8" daemon [_thread_blocked, id=19271, stack(0x00007f586feff000,0x00007f5870000000)]
  0x00007f58a4076000 JavaThread "png-cruncher_7" daemon [_thread_blocked, id=19269, stack(0x00007f58740bf000,0x00007f58741c0000)]
  0x00007f58a4074000 JavaThread "png-cruncher_6" daemon [_thread_blocked, id=19268, stack(0x00007f58741c0000,0x00007f58742c1000)]
  0x00007f58c4b16800 JavaThread "process reaper" daemon [_thread_in_native, id=19266, stack(0x00007f58a800d000,0x00007f58a8046000)]
  0x00007f58ac02b000 JavaThread "pool-8-thread-1" [_thread_blocked, id=19265, stack(0x00007f58742c1000,0x00007f58743c2000)]
  0x00007f58a4071800 JavaThread "png-cruncher_5" daemon [_thread_blocked, id=19263, stack(0x00007f58743c2000,0x00007f58744c3000)]
  0x00007f58a4070800 JavaThread "png-cruncher_4" daemon [_thread_blocked, id=19261, stack(0x00007f58747c4000,0x00007f58748c5000)]
  0x00007f58a406f800 JavaThread "png-cruncher_3" daemon [_thread_blocked, id=19258, stack(0x00007f58746c3000,0x00007f58747c4000)]
  0x00007f58a406e000 JavaThread "png-cruncher_2" daemon [_thread_blocked, id=19257, stack(0x00007f58749c6000,0x00007f5874ac7000)]
  0x00007f58a406d800 JavaThread "png-cruncher_1" daemon [_thread_blocked, id=19256, stack(0x00007f58748c5000,0x00007f58749c6000)]
  0x00007f589c033000 JavaThread "pool-7-thread-2" [_thread_blocked, id=19255, stack(0x00007f5874ac7000,0x00007f5874bc8000)]
  0x00007f589c03e800 JavaThread "pool-7-thread-1" [_thread_blocked, id=19254, stack(0x00007f5874bc8000,0x00007f5874cc9000)]
  0x00007f589c002000 JavaThread "Stdin handler" [_thread_blocked, id=19245, stack(0x00007f5877dfe000,0x00007f5877eff000)]
  0x00007f589c001800 JavaThread "Asynchronous log dispatcher for org.gradle.launcher.daemon.server.DefaultDaemonConnection@4b83ed26" [_thread_blocked, id=19244, stack(0x00007f5877eff000,0x00007f5878000000)]
  0x00007f587c02d800 JavaThread "Daemon worker Thread 3" [_thread_blocked, id=19241, stack(0x00007f58a82c1000,0x00007f58a83c2000)]
  0x00007f587c003800 JavaThread "Cancel handler" [_thread_blocked, id=19240, stack(0x00007f58a80bf000,0x00007f58a81c0000)]
  0x00007f587c00f000 JavaThread "Handler for socket connection from /127.0.0.1:45054 to /127.0.0.1:51184" [_thread_in_native, id=19239, stack(0x00007f58a81c0000,0x00007f58a82c1000)]
  0x00007f5884014800 JavaThread "Daemon Thread 3" [_thread_blocked, id=19238, stack(0x00007f58a83c2000,0x00007f58a84c3000)]
  0x00007f5870312000 JavaThread "File lock request listener" [_thread_in_native, id=18967, stack(0x00007f58770fd000,0x00007f58771fe000)]
  0x00007f58c4b08000 JavaThread "pool-1-thread-1" [_thread_blocked, id=18940, stack(0x00007f58a84c3000,0x00007f58a85c4000)]
  0x00007f58c4ae6800 JavaThread "Incoming local TCP Connector on port 45054" [_thread_in_native, id=18939, stack(0x00007f58a87cb000,0x00007f58a88cc000)]
  0x00007f58c40ba800 JavaThread "Service Thread" daemon [_thread_blocked, id=18934, stack(0x00007f58a9e7a000,0x00007f58a9f7b000)]
  0x00007f58c40b7800 JavaThread "C1 CompilerThread1" daemon [_thread_blocked, id=18933, stack(0x00007f58a9f7b000,0x00007f58aa07c000)]
  0x00007f58c40b4800 JavaThread "C2 CompilerThread0" daemon [_thread_blocked, id=18932, stack(0x00007f58aa07c000,0x00007f58aa17d000)]
  0x00007f58c40b3000 JavaThread "Signal Dispatcher" daemon [_thread_blocked, id=18931, stack(0x00007f58aa17d000,0x00007f58aa27e000)]
  0x00007f58c407f800 JavaThread "Finalizer" daemon [_thread_blocked, id=18930, stack(0x00007f58aadb4000,0x00007f58aaeb5000)]
  0x00007f58c407a800 JavaThread "Reference Handler" daemon [_thread_blocked, id=18929, stack(0x00007f58aaeb5000,0x00007f58aafb6000)]
  0x00007f58c400a000 JavaThread "main" [_thread_blocked, id=18921, stack(0x00007f58ca00f000,0x00007f58ca110000)]

Other Threads:
=>0x00007f58c4073000 VMThread [stack: 0x00007f58aafb6000,0x00007f58ab0b7000] [id=18928]
  0x00007f58c40bc800 WatcherThread [stack: 0x00007f58a9d79000,0x00007f58a9e7a000] [id=18935]

VM state:at safepoint (normal execution)

VM Mutex/Monitor currently owned by a thread:  ([mutex/lock_event])
[0x00007f58c40062e0] Threads_lock - owner thread: 0x00007f58c4073000
[0x00007f58c40067e0] Heap_lock - owner thread: 0x00007f587c02d800

Heap:
 PSYoungGen      total 316416K, used 19774K [0x00000000e0000000, 0x00000000f4900000, 0x0000000100000000)
  eden space 295936K, 0% used [0x00000000e0000000,0x00000000e0000000,0x00000000f2100000)
  from space 20480K, 96% used [0x00000000f2100000,0x00000000f344f938,0x00000000f3500000)
  to   space 19968K, 0% used [0x00000000f3580000,0x00000000f3580000,0x00000000f4900000)
 ParOldGen       total 82432K, used 32835K [0x00000000a0000000, 0x00000000a5080000, 0x00000000e0000000)
  object space 82432K, 39% used [0x00000000a0000000,0x00000000a2010e60,0x00000000a5080000)
 Metaspace       used 57069K, capacity 58772K, committed 59008K, reserved 1099776K
  class space    used 7395K, capacity 7750K, committed 7808K, reserved 1048576K

Card table byte_map: [0x00007f58b3aa2000,0x00007f58b3da3000] byte_map_base: 0x00007f58b35a2000

Marking Bits: (ParMarkBitMap*) 0x00007f58c94e21a0
 Begin Bits: [0x00007f58b07a1000, 0x00007f58b1fa1000)
 End Bits:   [0x00007f58b1fa1000, 0x00007f58b37a1000)

Polling page: 0x00007f58ca132000

CodeCache: size=245760Kb used=26706Kb max_used=26706Kb free=219053Kb
 bounds [0x00007f58b4163000, 0x00007f58b5bb3000, 0x00007f58c3163000]
 total_blobs=9090 nmethods=8353 adapters=651
 compilation: enabled

Compilation events (10 events):
Event: 377,575 Thread 0x00007f58c40b7800 9836       3       java.lang.invoke.LambdaForm$MH/92161023::linkToTargetMethod (11 bytes)
Event: 377,576 Thread 0x00007f58c40b7800 nmethod 9836 0x00007f58b5348350 code [0x00007f58b53484e0, 0x00007f58b53489d8]
Event: 377,576 Thread 0x00007f58c40b7800 9837       3       java.lang.invoke.LambdaForm$DMH/547498638::invokeStatic_L3_L (18 bytes)
Event: 377,576 Thread 0x00007f58c40b7800 nmethod 9837 0x00007f58b574c1d0 code [0x00007f58b574c360, 0x00007f58b574c918]
Event: 377,576 Thread 0x00007f58c40b7800 9838       3       java.util.concurrent.FutureTask::<init> (19 bytes)
Event: 377,577 Thread 0x00007f58c40b7800 nmethod 9838 0x00007f58b533b890 code [0x00007f58b533ba20, 0x00007f58b533bea8]
Event: 377,577 Thread 0x00007f58c40b7800 9839       3       java.util.concurrent.Executors::callable (22 bytes)
Event: 377,582 Thread 0x00007f58c40b7800 nmethod 9839 0x00007f58b534c5d0 code [0x00007f58b534c760, 0x00007f58b534cac8]
Event: 377,582 Thread 0x00007f58c40b7800 9840       3       com.android.ide.common.res2.MergedResourceWriter$$Lambda$170/1190925843::get$Lambda (11 bytes)
Event: 377,582 Thread 0x00007f58c40b7800 nmethod 9840 0x00007f58b53a7590 code [0x00007f58b53a7700, 0x00007f58b53a7990]

GC Heap History (10 events):
Event: 105,602 GC heap after
Heap after GC invocations=15 (full 3):
 PSYoungGen      total 221696K, used 0K [0x00000000e0000000, 0x00000000f0280000, 0x0000000100000000)
  eden space 208384K, 0% used [0x00000000e0000000,0x00000000e0000000,0x00000000ecb80000)
  from space 13312K, 0% used [0x00000000ee080000,0x00000000ee080000,0x00000000eed80000)
  to   space 21504K, 0% used [0x00000000ecb80000,0x00000000ecb80000,0x00000000ee080000)
 ParOldGen       total 82432K, used 43381K [0x00000000a0000000, 0x00000000a5080000, 0x00000000e0000000)
  object space 82432K, 52% used [0x00000000a0000000,0x00000000a2a5d5b8,0x00000000a5080000)
 Metaspace       used 52786K, capacity 54186K, committed 54528K, reserved 1095680K
  class space    used 7019K, capacity 7325K, committed 7424K, reserved 1048576K
}
Event: 114,428 GC heap before
{Heap before GC invocations=16 (full 3):
 PSYoungGen      total 221696K, used 47219K [0x00000000e0000000, 0x00000000f0280000, 0x0000000100000000)
  eden space 208384K, 22% used [0x00000000e0000000,0x00000000e2e1cd38,0x00000000ecb80000)
  from space 13312K, 0% used [0x00000000ee080000,0x00000000ee080000,0x00000000eed80000)
  to   space 21504K, 0% used [0x00000000ecb80000,0x00000000ecb80000,0x00000000ee080000)
 ParOldGen       total 82432K, used 43381K [0x00000000a0000000, 0x00000000a5080000, 0x00000000e0000000)
  object space 82432K, 52% used [0x00000000a0000000,0x00000000a2a5d5b8,0x00000000a5080000)
 Metaspace       used 54779K, capacity 56124K, committed 56320K, reserved 1097728K
  class space    used 7247K, capacity 7560K, committed 7680K, reserved 1048576K
Event: 114,483 GC heap after
Heap after GC invocations=16 (full 3):
 PSYoungGen      total 229888K, used 2956K [0x00000000e0000000, 0x00000000f4a00000, 0x0000000100000000)
  eden space 208384K, 0% used [0x00000000e0000000,0x00000000e0000000,0x00000000ecb80000)
  from space 21504K, 13% used [0x00000000ecb80000,0x00000000ece63260,0x00000000ee080000)
  to   space 20992K, 0% used [0x00000000f3580000,0x00000000f3580000,0x00000000f4a00000)
 ParOldGen       total 82432K, used 43389K [0x00000000a0000000, 0x00000000a5080000, 0x00000000e0000000)
  object space 82432K, 52% used [0x00000000a0000000,0x00000000a2a5f5b8,0x00000000a5080000)
 Metaspace       used 54779K, capacity 56124K, committed 56320K, reserved 1097728K
  class space    used 7247K, capacity 7560K, committed 7680K, reserved 1048576K
}
Event: 114,483 GC heap before
{Heap before GC invocations=17 (full 4):
 PSYoungGen      total 229888K, used 2956K [0x00000000e0000000, 0x00000000f4a00000, 0x0000000100000000)
  eden space 208384K, 0% used [0x00000000e0000000,0x00000000e0000000,0x00000000ecb80000)
  from space 21504K, 13% used [0x00000000ecb80000,0x00000000ece63260,0x00000000ee080000)
  to   space 20992K, 0% used [0x00000000f3580000,0x00000000f3580000,0x00000000f4a00000)
 ParOldGen       total 82432K, used 43389K [0x00000000a0000000, 0x00000000a5080000, 0x00000000e0000000)
  object space 82432K, 52% used [0x00000000a0000000,0x00000000a2a5f5b8,0x00000000a5080000)
 Metaspace       used 54779K, capacity 56124K, committed 56320K, reserved 1097728K
  class space    used 7247K, capacity 7560K, committed 7680K, reserved 1048576K
Event: 115,282 GC heap after
Heap after GC invocations=17 (full 4):
 PSYoungGen      total 229888K, used 0K [0x00000000e0000000, 0x00000000f4a00000, 0x0000000100000000)
  eden space 208384K, 0% used [0x00000000e0000000,0x00000000e0000000,0x00000000ecb80000)
  from space 21504K, 0% used [0x00000000ecb80000,0x00000000ecb80000,0x00000000ee080000)
  to   space 20992K, 0% used [0x00000000f3580000,0x00000000f3580000,0x00000000f4a00000)
 ParOldGen       total 82432K, used 33053K [0x00000000a0000000, 0x00000000a5080000, 0x00000000e0000000)
  object space 82432K, 40% used [0x00000000a0000000,0x00000000a20476f8,0x00000000a5080000)
 Metaspace       used 54779K, capacity 56124K, committed 56320K, reserved 1097728K
  class space    used 7247K, capacity 7560K, committed 7680K, reserved 1048576K
}
Event: 293,447 GC heap before
{Heap before GC invocations=18 (full 4):
 PSYoungGen      total 229888K, used 149817K [0x00000000e0000000, 0x00000000f4a00000, 0x0000000100000000)
  eden space 208384K, 71% used [0x00000000e0000000,0x00000000e924e500,0x00000000ecb80000)
  from space 21504K, 0% used [0x00000000ecb80000,0x00000000ecb80000,0x00000000ee080000)
  to   space 20992K, 0% used [0x00000000f3580000,0x00000000f3580000,0x00000000f4a00000)
 ParOldGen       total 82432K, used 33053K [0x00000000a0000000, 0x00000000a5080000, 0x00000000e0000000)
  object space 82432K, 40% used [0x00000000a0000000,0x00000000a20476f8,0x00000000a5080000)
 Metaspace       used 55607K, capacity 57190K, committed 57344K, reserved 1099776K
  class space    used 7294K, capacity 7639K, committed 7680K, reserved 1048576K
Event: 293,545 GC heap after
Heap after GC invocations=18 (full 4):
 PSYoungGen      total 315904K, used 4208K [0x00000000e0000000, 0x00000000f4900000, 0x0000000100000000)
  eden space 295936K, 0% used [0x00000000e0000000,0x00000000e0000000,0x00000000f2100000)
  from space 19968K, 21% used [0x00000000f3580000,0x00000000f399c020,0x00000000f4900000)
  to   space 20480K, 0% used [0x00000000f2100000,0x00000000f2100000,0x00000000f3500000)
 ParOldGen       total 82432K, used 33061K [0x00000000a0000000, 0x00000000a5080000, 0x00000000e0000000)
  object space 82432K, 40% used [0x00000000a0000000,0x00000000a20496f8,0x00000000a5080000)
 Metaspace       used 55607K, capacity 57190K, committed 57344K, reserved 1099776K
  class space    used 7294K, capacity 7639K, committed 7680K, reserved 1048576K
}
Event: 293,545 GC heap before
{Heap before GC invocations=19 (full 5):
 PSYoungGen      total 315904K, used 4208K [0x00000000e0000000, 0x00000000f4900000, 0x0000000100000000)
  eden space 295936K, 0% used [0x00000000e0000000,0x00000000e0000000,0x00000000f2100000)
  from space 19968K, 21% used [0x00000000f3580000,0x00000000f399c020,0x00000000f4900000)
  to   space 20480K, 0% used [0x00000000f2100000,0x00000000f2100000,0x00000000f3500000)
 ParOldGen       total 82432K, used 33061K [0x00000000a0000000, 0x00000000a5080000, 0x00000000e0000000)
  object space 82432K, 40% used [0x00000000a0000000,0x00000000a20496f8,0x00000000a5080000)
 Metaspace       used 55607K, capacity 57190K, committed 57344K, reserved 1099776K
  class space    used 7294K, capacity 7639K, committed 7680K, reserved 1048576K
Event: 294,329 GC heap after
Heap after GC invocations=19 (full 5):
 PSYoungGen      total 315904K, used 0K [0x00000000e0000000, 0x00000000f4900000, 0x0000000100000000)
  eden space 295936K, 0% used [0x00000000e0000000,0x00000000e0000000,0x00000000f2100000)
  from space 19968K, 0% used [0x00000000f3580000,0x00000000f3580000,0x00000000f4900000)
  to   space 20480K, 0% used [0x00000000f2100000,0x00000000f2100000,0x00000000f3500000)
 ParOldGen       total 82432K, used 32827K [0x00000000a0000000, 0x00000000a5080000, 0x00000000e0000000)
  object space 82432K, 39% used [0x00000000a0000000,0x00000000a200ee60,0x00000000a5080000)
 Metaspace       used 55607K, capacity 57190K, committed 57344K, reserved 1099776K
  class space    used 7294K, capacity 7639K, committed 7680K, reserved 1048576K
}
Event: 377,740 GC heap before
{Heap before GC invocations=20 (full 5):
 PSYoungGen      total 315904K, used 295936K [0x00000000e0000000, 0x00000000f4900000, 0x0000000100000000)
  eden space 295936K, 100% used [0x00000000e0000000,0x00000000f2100000,0x00000000f2100000)
  from space 19968K, 0% used [0x00000000f3580000,0x00000000f3580000,0x00000000f4900000)
  to   space 20480K, 0% used [0x00000000f2100000,0x00000000f2100000,0x00000000f3500000)
 ParOldGen       total 82432K, used 32827K [0x00000000a0000000, 0x00000000a5080000, 0x00000000e0000000)
  object space 82432K, 39% used [0x00000000a0000000,0x00000000a200ee60,0x00000000a5080000)
 Metaspace       used 57069K, capacity 58772K, committed 59008K, reserved 1099776K
  class space    used 7395K, capacity 7750K, committed 7808K, reserved 1048576K

Deoptimization events (10 events):
Event: 376,919 Thread 0x00007f587c02d800 Uncommon trap: reason=bimorphic action=maybe_recompile pc=0x00007f58b5b905e0 method=com.sun.org.apache.xerces.internal.dom.CoreDocumentImpl.isKidOK(Lorg/w3c/dom/Node;Lorg/w3c/dom/Node;)Z @ 39
Event: 376,965 Thread 0x00007f587c02d800 Uncommon trap: reason=bimorphic action=maybe_recompile pc=0x00007f58b5b905e0 method=com.sun.org.apache.xerces.internal.dom.CoreDocumentImpl.isKidOK(Lorg/w3c/dom/Node;Lorg/w3c/dom/Node;)Z @ 39
Event: 376,996 Thread 0x00007f587c02d800 Uncommon trap: reason=bimorphic action=maybe_recompile pc=0x00007f58b5b905e0 method=com.sun.org.apache.xerces.internal.dom.CoreDocumentImpl.isKidOK(Lorg/w3c/dom/Node;Lorg/w3c/dom/Node;)Z @ 39
Event: 377,168 Thread 0x00007f587c02d800 Uncommon trap: reason=unstable_if action=reinterpret pc=0x00007f58b4442a50 method=com.sun.org.apache.xerces.internal.dom.ParentNode.nodeListItem(I)Lorg/w3c/dom/Node; @ 76
Event: 377,168 Thread 0x00007f587c02d800 Uncommon trap: reason=unstable_if action=reinterpret pc=0x00007f58b5ae35f8 method=com.sun.org.apache.xerces.internal.dom.ParentNode.nodeListItem(I)Lorg/w3c/dom/Node; @ 139
Event: 377,473 Thread 0x00007f58ac02b000 Uncommon trap: reason=unstable_if action=reinterpret pc=0x00007f58b4e42f88 method=java.util.regex.Matcher.appendReplacement(Ljava/lang/StringBuffer;Ljava/lang/String;)Ljava/util/regex/Matcher; @ 47
Event: 377,577 Thread 0x00007f587c02d800 Uncommon trap: reason=bimorphic action=maybe_recompile pc=0x00007f58b4b07058 method=com.sun.org.apache.xerces.internal.dom.ParentNode.checkNormalizationAfterInsert(Lcom/sun/org/apache/xerces/internal/dom/ChildNode;)V @ 23
Event: 377,577 Thread 0x00007f587c02d800 Uncommon trap: reason=bimorphic action=maybe_recompile pc=0x00007f58b4b07058 method=com.sun.org.apache.xerces.internal.dom.ParentNode.checkNormalizationAfterInsert(Lcom/sun/org/apache/xerces/internal/dom/ChildNode;)V @ 23
Event: 377,577 Thread 0x00007f587c02d800 Uncommon trap: reason=bimorphic action=maybe_recompile pc=0x00007f58b4b07058 method=com.sun.org.apache.xerces.internal.dom.ParentNode.checkNormalizationAfterInsert(Lcom/sun/org/apache/xerces/internal/dom/ChildNode;)V @ 23
Event: 377,577 Thread 0x00007f587c02d800 Uncommon trap: reason=bimorphic action=maybe_recompile pc=0x00007f58b4b07058 method=com.sun.org.apache.xerces.internal.dom.ParentNode.checkNormalizationAfterInsert(Lcom/sun/org/apache/xerces/internal/dom/ChildNode;)V @ 23

Internal exceptions (10 events):
Event: 362,644 Thread 0x00007f587c02d800 Exception <a 'sun/nio/fs/UnixException'> (0x00000000e531ccd8) thrown at [/ssd/Android/AOSP-openjdk/external/jetbrains/jdk/hotspot/src/share/vm/prims/jni.cpp, line 709]
Event: 362,644 Thread 0x00007f587c02d800 Exception <a 'sun/nio/fs/UnixException'> (0x00000000e531e500) thrown at [/ssd/Android/AOSP-openjdk/external/jetbrains/jdk/hotspot/src/share/vm/prims/jni.cpp, line 709]
Event: 362,655 Thread 0x00007f587c02d800 Exception <a 'sun/nio/fs/UnixException'> (0x00000000e53228a8) thrown at [/ssd/Android/AOSP-openjdk/external/jetbrains/jdk/hotspot/src/share/vm/prims/jni.cpp, line 709]
Event: 362,656 Thread 0x00007f587c02d800 Exception <a 'sun/nio/fs/UnixException'> (0x00000000e5324130) thrown at [/ssd/Android/AOSP-openjdk/external/jetbrains/jdk/hotspot/src/share/vm/prims/jni.cpp, line 709]
Event: 362,656 Thread 0x00007f587c02d800 Exception <a 'sun/nio/fs/UnixException'> (0x00000000e53281a0) thrown at [/ssd/Android/AOSP-openjdk/external/jetbrains/jdk/hotspot/src/share/vm/prims/jni.cpp, line 709]
Event: 362,657 Thread 0x00007f587c02d800 Exception <a 'sun/nio/fs/UnixException'> (0x00000000e5329650) thrown at [/ssd/Android/AOSP-openjdk/external/jetbrains/jdk/hotspot/src/share/vm/prims/jni.cpp, line 709]
Event: 362,659 Thread 0x00007f587c02d800 Exception <a 'sun/nio/fs/UnixException'> (0x00000000e532baf8) thrown at [/ssd/Android/AOSP-openjdk/external/jetbrains/jdk/hotspot/src/share/vm/prims/jni.cpp, line 709]
Event: 362,659 Thread 0x00007f587c02d800 Exception <a 'sun/nio/fs/UnixException'> (0x00000000e532cfc0) thrown at [/ssd/Android/AOSP-openjdk/external/jetbrains/jdk/hotspot/src/share/vm/prims/jni.cpp, line 709]
Event: 365,970 Thread 0x00007f587c02d800 Exception <a 'java/lang/ClassNotFoundException': com/android/build/gradle/internal/LibraryCache$1BeanInfo> (0x00000000e7be04f0) thrown at [/ssd/Android/AOSP-openjdk/external/jetbrains/jdk/hotspot/src/share/vm/classfile/systemDictionary.cpp, line 210]
Event: 365,970 Thread 0x00007f587c02d800 Exception <a 'java/lang/ClassNotFoundException': com/android/build/gradle/internal/LibraryCache$1Customizer> (0x00000000e7bf0d88) thrown at [/ssd/Android/AOSP-openjdk/external/jetbrains/jdk/hotspot/src/share/vm/classfile/systemDictionary.cpp, line 210]

Events (10 events):
Event: 377,639 Thread 0x00007f588829a800 Thread added: 0x00007f588829a800
Event: 377,645 Thread 0x00007f58883cd800 Thread added: 0x00007f58883cd800
Event: 377,645 Thread 0x00007f588c005000 Thread added: 0x00007f588c005000
Event: 377,649 Thread 0x00007f588c007000 Thread added: 0x00007f588c007000
Event: 377,670 Thread 0x00007f588c00e800 Thread added: 0x00007f588c00e800
Event: 377,678 Thread 0x00007f5878005800 Thread added: 0x00007f5878005800
Event: 377,679 Thread 0x00007f5878003800 Thread added: 0x00007f5878003800
Event: 377,690 Thread 0x00007f5878007800 Thread added: 0x00007f5878007800
Event: 377,692 Thread 0x00007f58c4b15000 Thread added: 0x00007f58c4b15000
Event: 377,695 Thread 0x00007f58c4b09000 Thread added: 0x00007f58c4b09000


Dynamic libraries:
00400000-00401000 r-xp 00000000 08:06 1190022                            /usr/local/android-studio/jre/bin/java
00600000-00601000 r--p 00000000 08:06 1190022                            /usr/local/android-studio/jre/bin/java
00601000-00602000 rw-p 00001000 08:06 1190022                            /usr/local/android-studio/jre/bin/java
00f61000-00f82000 rw-p 00000000 00:00 0                                  [heap]
a0000000-a5080000 rw-p 00000000 00:00 0 
a5080000-e0000000 ---p 00000000 00:00 0 
e0000000-f4900000 rw-p 00000000 00:00 0 
fbe00000-100000000 ---p 00000000 00:00 0 
100000000-1007a0000 rw-p 00000000 00:00 0 
1007a0000-140000000 ---p 00000000 00:00 0 
7f586e793000-7f586e796000 ---p 00000000 00:00 0 
7f586e796000-7f586e894000 rw-p 00000000 00:00 0 
7f586e894000-7f586e897000 ---p 00000000 00:00 0 
7f586e897000-7f586e995000 rw-p 00000000 00:00 0 
7f586e995000-7f586e998000 ---p 00000000 00:00 0 
7f586e998000-7f586ea96000 rw-p 00000000 00:00 0 
7f586ea96000-7f586ea99000 ---p 00000000 00:00 0 
7f586ea99000-7f586eb97000 rw-p 00000000 00:00 0 
7f586eb97000-7f586eb9a000 ---p 00000000 00:00 0 
7f586eb9a000-7f586ebd0000 rw-p 00000000 00:00 0 
7f586ebd0000-7f586ebd3000 ---p 00000000 00:00 0 
7f586ebd3000-7f586ecd1000 rw-p 00000000 00:00 0 
7f586ecd1000-7f586ecd4000 ---p 00000000 00:00 0 
7f586ecd4000-7f586edd2000 rw-p 00000000 00:00 0 
7f586edd2000-7f586edd5000 ---p 00000000 00:00 0 
7f586edd5000-7f586ee0b000 rw-p 00000000 00:00 0 
7f586ee0b000-7f586ee0e000 ---p 00000000 00:00 0 
7f586ee0e000-7f586ef0c000 rw-p 00000000 00:00 0 
7f586ef0c000-7f586ef0f000 ---p 00000000 00:00 0 
7f586ef0f000-7f586f00d000 rw-p 00000000 00:00 0 
7f586f00d000-7f586f010000 ---p 00000000 00:00 0 
7f586f010000-7f586f046000 rw-p 00000000 00:00 0 
7f586f046000-7f586f049000 ---p 00000000 00:00 0 
7f586f049000-7f586f147000 rw-p 00000000 00:00 0 
7f586f147000-7f586f14a000 ---p 00000000 00:00 0 
7f586f14a000-7f586f248000 rw-p 00000000 00:00 0 
7f586f248000-7f586f24b000 ---p 00000000 00:00 0 
7f586f24b000-7f586f281000 rw-p 00000000 00:00 0 
7f586f281000-7f586f284000 ---p 00000000 00:00 0 
7f586f284000-7f586f382000 rw-p 00000000 00:00 0 
7f586f382000-7f586f385000 ---p 00000000 00:00 0 
7f586f385000-7f586f483000 rw-p 00000000 00:00 0 
7f586f483000-7f586f486000 ---p 00000000 00:00 0 
7f586f486000-7f586f4bc000 rw-p 00000000 00:00 0 
7f586f4bc000-7f586f4bf000 ---p 00000000 00:00 0 
7f586f4bf000-7f586f5bd000 rw-p 00000000 00:00 0 
7f586f5bd000-7f586f5c0000 ---p 00000000 00:00 0 
7f586f5c0000-7f586f6be000 rw-p 00000000 00:00 0 
7f586f6be000-7f586f6c1000 ---p 00000000 00:00 0 
7f586f6c1000-7f586f6f7000 rw-p 00000000 00:00 0 
7f586f6f7000-7f586f6fa000 ---p 00000000 00:00 0 
7f586f6fa000-7f586f7f8000 rw-p 00000000 00:00 0 
7f586f7f8000-7f586f7fb000 ---p 00000000 00:00 0 
7f586f7fb000-7f586f8f9000 rw-p 00000000 00:00 0 
7f586f8f9000-7f586f8fc000 ---p 00000000 00:00 0 
7f586f8fc000-7f586f9fa000 rw-p 00000000 00:00 0 
7f586f9fa000-7f586f9fd000 ---p 00000000 00:00 0 
7f586f9fd000-7f586fafb000 rw-p 00000000 00:00 0 
7f586fafb000-7f586fafe000 ---p 00000000 00:00 0 
7f586fafe000-7f586fbfc000 rw-p 00000000 00:00 0 
7f586fbfc000-7f586fbff000 ---p 00000000 00:00 0 
7f586fbff000-7f586fcfd000 rw-p 00000000 00:00 0 
7f586fcfd000-7f586fd00000 ---p 00000000 00:00 0 
7f586fd00000-7f586fdfe000 rw-p 00000000 00:00 0 
7f586fdfe000-7f586fe01000 ---p 00000000 00:00 0 
7f586fe01000-7f586feff000 rw-p 00000000 00:00 0 
7f586feff000-7f586ff02000 ---p 00000000 00:00 0 
7f586ff02000-7f5870000000 rw-p 00000000 00:00 0 
7f5870000000-7f5871129000 rw-p 00000000 00:00 0 
7f5871129000-7f5874000000 ---p 00000000 00:00 0 
7f5874014000-7f5874017000 ---p 00000000 00:00 0 
7f5874017000-7f587404d000 rw-p 00000000 00:00 0 
7f587404d000-7f5874050000 ---p 00000000 00:00 0 
7f5874050000-7f5874086000 rw-p 00000000 00:00 0 
7f5874086000-7f5874089000 ---p 00000000 00:00 0 
7f5874089000-7f58740bf000 rw-p 00000000 00:00 0 
7f58740bf000-7f58740c2000 ---p 00000000 00:00 0 
7f58740c2000-7f58741c0000 rw-p 00000000 00:00 0 
7f58741c0000-7f58741c3000 ---p 00000000 00:00 0 
7f58741c3000-7f58742c1000 rw-p 00000000 00:00 0 
7f58742c1000-7f58742c4000 ---p 00000000 00:00 0 
7f58742c4000-7f58743c2000 rw-p 00000000 00:00 0 
7f58743c2000-7f58743c5000 ---p 00000000 00:00 0 
7f58743c5000-7f58746c3000 rw-p 00000000 00:00 0 
7f58746c3000-7f58746c6000 ---p 00000000 00:00 0 
7f58746c6000-7f58747c4000 rw-p 00000000 00:00 0 
7f58747c4000-7f58747c7000 ---p 00000000 00:00 0 
7f58747c7000-7f58748c5000 rw-p 00000000 00:00 0 
7f58748c5000-7f58748c8000 ---p 00000000 00:00 0 
7f58748c8000-7f58749c6000 rw-p 00000000 00:00 0 
7f58749c6000-7f58749c9000 ---p 00000000 00:00 0 
7f58749c9000-7f5874ac7000 rw-p 00000000 00:00 0 
7f5874ac7000-7f5874aca000 ---p 00000000 00:00 0 
7f5874aca000-7f5874bc8000 rw-p 00000000 00:00 0 
7f5874bc8000-7f5874bcb000 ---p 00000000 00:00 0 
7f5874bcb000-7f5874ec9000 rw-p 00000000 00:00 0 
7f5874ec9000-7f58750c9000 rw-p 00000000 00:00 0 
7f58750c9000-7f58752c9000 rw-p 00000000 00:00 0 
7f58752c9000-7f58754c9000 rw-p 00000000 00:00 0 
7f58754c9000-7f58756c9000 rw-p 00000000 00:00 0 
7f58756c9000-7f58756e0000 r-xp 00000000 08:06 1182587                    /lib/x86_64-linux-gnu/libresolv-2.23.so
7f58756e0000-7f58758e0000 ---p 00017000 08:06 1182587                    /lib/x86_64-linux-gnu/libresolv-2.23.so
7f58758e0000-7f58758e1000 r--p 00017000 08:06 1182587                    /lib/x86_64-linux-gnu/libresolv-2.23.so
7f58758e1000-7f58758e2000 rw-p 00018000 08:06 1182587                    /lib/x86_64-linux-gnu/libresolv-2.23.so
7f58758e2000-7f58758e4000 rw-p 00000000 00:00 0 
7f58758e4000-7f58758e9000 r-xp 00000000 08:06 1182594                    /lib/x86_64-linux-gnu/libnss_dns-2.23.so
7f58758e9000-7f5875ae9000 ---p 00005000 08:06 1182594                    /lib/x86_64-linux-gnu/libnss_dns-2.23.so
7f5875ae9000-7f5875aea000 r--p 00005000 08:06 1182594                    /lib/x86_64-linux-gnu/libnss_dns-2.23.so
7f5875aea000-7f5875aeb000 rw-p 00006000 08:06 1182594                    /lib/x86_64-linux-gnu/libnss_dns-2.23.so
7f5875aeb000-7f5875aed000 r-xp 00000000 08:06 1184443                    /lib/x86_64-linux-gnu/libnss_mdns4_minimal.so.2
7f5875aed000-7f5875cec000 ---p 00002000 08:06 1184443                    /lib/x86_64-linux-gnu/libnss_mdns4_minimal.so.2
7f5875cec000-7f5875ced000 r--p 00001000 08:06 1184443                    /lib/x86_64-linux-gnu/libnss_mdns4_minimal.so.2
7f5875ced000-7f5875cee000 rw-p 00002000 08:06 1184443                    /lib/x86_64-linux-gnu/libnss_mdns4_minimal.so.2
7f5875d07000-7f5875d0d000 r--s 0003a000 08:06 1190068                    /usr/local/android-studio/jre/jre/lib/ext/sunjce_provider.jar
7f5875d0d000-7f5875d43000 r-xp 00000000 08:06 1318225                    /usr/local/android-studio/jre/jre/lib/amd64/libsunec.so
7f5875d43000-7f5875f42000 ---p 00036000 08:06 1318225                    /usr/local/android-studio/jre/jre/lib/amd64/libsunec.so
7f5875f42000-7f5875f47000 r--p 00035000 08:06 1318225                    /usr/local/android-studio/jre/jre/lib/amd64/libsunec.so
7f5875f47000-7f5875f49000 rw-p 0003a000 08:06 1318225                    /usr/local/android-studio/jre/jre/lib/amd64/libsunec.so
7f5875f49000-7f5875f5a000 rw-p 00000000 00:00 0 
7f5875f5a000-7f5875f5b000 r--s 00008000 08:06 1190072                    /usr/local/android-studio/jre/jre/lib/ext/sunec.jar
7f5875f5b000-7f5875f5e000 r--s 00015000 08:06 1190096                    /usr/local/android-studio/jre/jre/lib/jce.jar
7f5875f5e000-7f587615e000 rw-p 00000000 00:00 0 
7f587615e000-7f587635e000 rw-p 00000000 00:00 0 
7f587635e000-7f5876371000 r--s 00344000 08:06 1190045                    /usr/local/android-studio/jre/jre/lib/resources.jar
7f5876371000-7f5876571000 rw-p 00000000 00:00 0 
7f5876571000-7f5876771000 rw-p 00000000 00:00 0 
7f5876771000-7f5876971000 rw-p 00000000 00:00 0 
7f5876971000-7f5876b71000 rw-p 00000000 00:00 0 
7f5876b71000-7f5876d71000 rw-p 00000000 00:00 0 
7f5876d71000-7f5876d9c000 r--s 001fc000 08:06 1576289                    /usr/local/android-studio/gradle/m2repository/com/google/guava/guava/18.0/guava-18.0.jar
7f5876d9c000-7f5876d9d000 r--s 00001000 08:06 1576376                    /usr/local/android-studio/gradle/m2repository/com/android/tools/annotations/25.2.0/annotations-25.2.0.jar
7f5876d9d000-7f5876daf000 r--s 000b3000 08:06 1576589                    /usr/local/android-studio/gradle/m2repository/com/android/tools/external/com-intellij/uast/145.597.3/uast-145.597.3.jar
7f5876daf000-7f5876db7000 r--s 000a8000 08:06 1576582                    /usr/local/android-studio/gradle/m2repository/com/android/tools/external/lombok/lombok-ast/0.2.3/lombok-ast-0.2.3.jar
7f5876db7000-7f5876db9000 r--s 0000d000 08:06 1576717                    /usr/local/android-studio/gradle/m2repository/commons-codec/commons-codec/1.4/commons-codec-1.4.jar
7f5876db9000-7f5876dbb000 r--s 0000d000 08:06 1318691                    /usr/local/android-studio/gradle/m2repository/commons-logging/commons-logging/1.1.1/commons-logging-1.1.1.jar
7f5876dbb000-7f5876dc0000 r--s 00028000 08:06 1576178                    /usr/local/android-studio/gradle/m2repository/org/apache/httpcomponents/httpcore/4.1/httpcore-4.1.jar
7f5876dc0000-7f5876dc4000 r--s 0002f000 08:06 1576319                    /usr/local/android-studio/gradle/m2repository/com/google/jimfs/jimfs/1.1/jimfs-1.1.jar
7f5876dc4000-7f5876dc5000 r--s 00004000 08:06 1576252                    /usr/local/android-studio/gradle/m2repository/com/intellij/annotations/12.0/annotations-12.0.jar
7f5876dc5000-7f5876dc6000 r--s 00004000 08:06 1318738                    /usr/local/android-studio/gradle/m2repository/org/ow2/asm/asm-analysis/5.0.4/asm-analysis-5.0.4.jar
7f5876dc6000-7f5876dca000 r--s 0003b000 08:06 1576652                    /usr/local/android-studio/gradle/m2repository/com/android/tools/lint/lint-api/25.2.0/lint-api-25.2.0.jar
7f5876dca000-7f5876dcb000 r--s 0000a000 08:06 1318897                    /usr/local/android-studio/gradle/m2repository/net/sf/kxml/kxml2/2.3.0/kxml2-2.3.0.jar
7f5876dcb000-7f5876dcd000 r--s 00005000 08:06 1576169                    /usr/local/android-studio/gradle/m2repository/org/apache/httpcomponents/httpmime/4.1/httpmime-4.1.jar
7f5876dcd000-7f5876dd5000 r--s 0004e000 08:06 1576189                    /usr/local/android-studio/gradle/m2repository/org/apache/httpcomponents/httpclient/4.1.1/httpclient-4.1.1.jar
7f5876dd5000-7f5876ddc000 r--s 00053000 08:06 1576201                    /usr/local/android-studio/gradle/m2repository/org/apache/commons/commons-compress/1.8.1/commons-compress-1.8.1.jar
7f5876ddc000-7f5876de1000 r--s 0002a000 08:06 1576307                    /usr/local/android-studio/gradle/m2repository/com/google/code/gson/gson/2.2.4/gson-2.2.4.jar
7f5876de1000-7f5876de6000 r--s 0002d000 08:06 1576594                    /usr/local/android-studio/gradle/m2repository/com/android/tools/repository/25.2.0/repository-25.2.0.jar
7f5876de6000-7f5876de7000 r--s 00005000 08:06 1576557                    /usr/local/android-studio/gradle/m2repository/com/android/tools/dvlib/25.2.0/dvlib-25.2.0.jar
7f5876de7000-7f5876dea000 r--s 00014000 08:06 1576490                    /usr/local/android-studio/gradle/m2repository/com/android/tools/layoutlib/layoutlib-api/25.2.0/layoutlib-api-25.2.0.jar
7f5876dea000-7f5876def000 r--s 00058000 08:06 1318713                    /usr/local/android-studio/gradle/m2repository/org/ow2/asm/asm-debug-all/5.0.1/asm-debug-all-5.0.1.jar
7f5876def000-7f5876dff000 r--s 000d6000 08:06 1451204                    /usr/local/android-studio/gradle/m2repository/net/sf/proguard/proguard-base/5.2.1/proguard-base-5.2.1.jar
7f5876dff000-7f5876e02000 r--s 00033000 08:06 1576259                    /usr/local/android-studio/gradle/m2repository/com/googlecode/juniversalchardet/juniversalchardet/1.0.3/juniversalchardet-1.0.3.jar
7f5876e02000-7f5876e06000 r--s 0002a000 08:06 1318684                    /usr/local/android-studio/gradle/m2repository/commons-io/commons-io/2.4/commons-io-2.4.jar
7f5876e06000-7f5876e1d000 r--s 00154000 08:06 1318852                    /usr/local/android-studio/gradle/m2repository/org/antlr/antlr4/4.5.3/antlr4-4.5.3.jar
7f5876e1d000-7f5876e1e000 r--s 00002000 08:06 1576337                    /usr/local/android-studio/gradle/m2repository/com/android/databinding/baseLibrary/2.2.0/baseLibrary-2.2.0.jar
7f5876e1e000-7f5876e31000 r--s 00236000 08:06 1318797                    /usr/local/android-studio/gradle/m2repository/org/eclipse/jdt/core/compiler/ecj/4.5.1/ecj-4.5.1.jar
7f5876e31000-7f5876e38000 r--s 000c3000 08:06 1576623                    /usr/local/android-studio/gradle/m2repository/com/android/tools/lint/lint-checks/25.2.0/lint-checks-25.2.0.jar
7f5876e38000-7f5876e3a000 r--s 00006000 08:06 1318752                    /usr/local/android-studio/gradle/m2repository/org/ow2/asm/asm-tree/5.0.4/asm-tree-5.0.4.jar
7f5876e3a000-7f5876e6d000 r--s 00203000 08:06 1318859                    /usr/local/android-studio/gradle/m2repository/org/bouncycastle/bcprov-jdk15on/1.48/bcprov-jdk15on-1.48.jar
7f5876e6d000-7f5876e7b000 r--s 00081000 08:06 1318864                    /usr/local/android-studio/gradle/m2repository/org/bouncycastle/bcpkix-jdk15on/1.48/bcpkix-jdk15on-1.48.jar
7f5876e7b000-7f5876e7d000 r--s 00002000 08:06 1576267                    /usr/local/android-studio/gradle/m2repository/com/squareup/javawriter/2.5.0/javawriter-2.5.0.jar
7f5876e7d000-7f5876e7e000 r--s 00002000 08:06 1576601                    /usr/local/android-studio/gradle/m2repository/com/android/tools/analytics-library/tracker/25.2.0/tracker-25.2.0.jar
7f5876e7e000-7f5876e80000 r--s 00003000 08:06 1576609                    /usr/local/android-studio/gradle/m2repository/com/android/tools/analytics-library/shared/25.2.0/shared-25.2.0.jar
7f5876e80000-7f5876e8d000 r--s 000ed000 08:06 1576605                    /usr/local/android-studio/gradle/m2repository/com/android/tools/analytics-library/protos/25.2.0/protos-25.2.0.jar
7f5876e8d000-7f5876e8e000 r--s 00001000 08:06 1576497                    /usr/local/android-studio/gradle/m2repository/com/android/tools/jill/jill-api/0.10.0/jill-api-0.10.0.jar
7f5876e8e000-7f5876e90000 r--s 00003000 08:06 1576679                    /usr/local/android-studio/gradle/m2repository/com/android/tools/jack/jack-api/0.11.0/jack-api-0.11.0.jar
7f5876e90000-7f5876e95000 r--s 0004a000 08:06 1576531                    /usr/local/android-studio/gradle/m2repository/com/android/tools/ddms/ddmlib/25.2.0/ddmlib-25.2.0.jar
7f5876e95000-7f5876e98000 r--s 00021000 08:06 1576433                    /usr/local/android-studio/gradle/m2repository/com/android/tools/build/manifest-merger/25.2.0/manifest-merger-25.2.0.jar
7f5876e98000-7f5876e9a000 r--s 0001c000 08:06 1576696                    /usr/local/android-studio/gradle/m2repository/com/android/tools/common/25.2.0/common-25.2.0.jar
7f5876e9a000-7f5876ea3000 r--s 00083000 08:06 1576514                    /usr/local/android-studio/gradle/m2repository/com/android/tools/sdk-common/25.2.0/sdk-common-25.2.0.jar
7f5876ea3000-7f5876eae000 r--s 0008e000 08:06 1576667                    /usr/local/android-studio/gradle/m2repository/com/android/tools/sdklib/25.2.0/sdklib-25.2.0.jar
7f5876eae000-7f5876eaf000 r--s 00002000 08:06 1576406                    /usr/local/android-studio/gradle/m2repository/com/android/tools/build/builder-test-api/2.2.0/builder-test-api-2.2.0.jar
7f5876eaf000-7f5876eb2000 r--s 00005000 08:06 1576462                    /usr/local/android-studio/gradle/m2repository/com/android/tools/build/builder-model/2.2.0/builder-model-2.2.0.jar
7f5876eb2000-7f5876eba000 r--s 0007b000 08:06 1576299                    /usr/local/android-studio/gradle/m2repository/com/google/protobuf/protobuf-java/2.5.0/protobuf-java-2.5.0.jar
7f5876eba000-7f5876ebc000 r--s 0000f000 08:06 1318890                    /usr/local/android-studio/gradle/m2repository/net/sf/jopt-simple/jopt-simple/4.9/jopt-simple-4.9.jar
7f5876ebc000-7f5876ec0000 r--s 0001f000 08:06 1576157                    /usr/local/android-studio/gradle/m2repository/org/jacoco/org.jacoco.report/0.7.5.201505241946/org.jacoco.report-0.7.5.201505241946.jar
7f5876ec0000-7f5876ec4000 r--s 0001d000 08:06 1318880                    /usr/local/android-studio/gradle/m2repository/org/jacoco/org.jacoco.core/0.7.5.201505241946/org.jacoco.core-0.7.5.201505241946.jar
7f5876ec4000-7f5876ec5000 r--s 00002000 08:06 1576707                    /usr/local/android-studio/gradle/m2repository/net/sf/proguard/proguard-gradle/5.2.1/proguard-gradle-5.2.1.jar
7f5876ec5000-7f5876ec7000 r--s 00009000 08:06 1318761                    /usr/local/android-studio/gradle/m2repository/org/ow2/asm/asm-commons/5.0.4/asm-commons-5.0.4.jar
7f5876ec7000-7f5876ec9000 r--s 0000c000 08:06 1318784                    /usr/local/android-studio/gradle/m2repository/org/ow2/asm/asm/5.0.4/asm-5.0.4.jar
7f5876ec9000-7f5876ee0000 r--s 0015d000 08:06 1576394                    /usr/local/android-studio/gradle/m2repository/com/android/tools/build/builder/2.2.0/builder-2.2.0.jar
7f5876ee0000-7f5876efd000 r--s 0019c000 08:06 1576443                    /usr/local/android-studio/gradle/m2repository/com/android/tools/build/gradle-core/2.2.0/gradle-core-2.2.0.jar
7f5876efd000-7f58770fd000 rw-p 00000000 00:00 0 
7f58770fd000-7f5877100000 ---p 00000000 00:00 0 
7f5877100000-7f58773fe000 rw-p 00000000 00:00 0 
7f58773fe000-7f58775fe000 rw-p 00000000 00:00 0 
7f58775fe000-7f58777fe000 rw-p 00000000 00:00 0 
7f58777fe000-7f58779fe000 rw-p 00000000 00:00 0 
7f58779fe000-7f5877bfe000 rw-p 00000000 00:00 0 
7f5877bfe000-7f5877dfe000 rw-p 00000000 00:00 0 
7f5877dfe000-7f5877e01000 ---p 00000000 00:00 0 
7f5877e01000-7f5877eff000 rw-p 00000000 00:00 0 
7f5877eff000-7f5877f02000 ---p 00000000 00:00 0 
7f5877f02000-7f5878000000 rw-p 00000000 00:00 0 
7f5878000000-7f5878021000 rw-p 00000000 00:00 0 
7f5878021000-7f587c000000 ---p 00000000 00:00 0 
7f587c000000-7f587c033000 rw-p 00000000 00:00 0 
7f587c033000-7f5880000000 ---p 00000000 00:00 0 
7f5880000000-7f5880021000 rw-p 00000000 00:00 0 
7f5880021000-7f5884000000 ---p 00000000 00:00 0 
7f5884000000-7f5884071000 rw-p 00000000 00:00 0 
7f5884071000-7f5888000000 ---p 00000000 00:00 0 
7f5888000000-7f5888d31000 rw-p 00000000 00:00 0 
7f5888d31000-7f588c000000 ---p 00000000 00:00 0 
7f588c000000-7f588c021000 rw-p 00000000 00:00 0 
7f588c021000-7f5890000000 ---p 00000000 00:00 0 
7f5890000000-7f5890021000 rw-p 00000000 00:00 0 
7f5890021000-7f5894000000 ---p 00000000 00:00 0 
7f5894000000-7f589658c000 rw-p 00000000 00:00 0 
7f589658c000-7f5898000000 ---p 00000000 00:00 0 
7f5898000000-7f5898021000 rw-p 00000000 00:00 0 
7f5898021000-7f589c000000 ---p 00000000 00:00 0 
7f589c000000-7f589c073000 rw-p 00000000 00:00 0 
7f589c073000-7f58a0000000 ---p 00000000 00:00 0 
7f58a0000000-7f58a029f000 rw-p 00000000 00:00 0 
7f58a029f000-7f58a4000000 ---p 00000000 00:00 0 
7f58a4000000-7f58a407f000 rw-p 00000000 00:00 0 
7f58a407f000-7f58a8000000 ---p 00000000 00:00 0 
7f58a8000000-7f58a8004000 r--s 0002b000 08:06 1576359                    /usr/local/android-studio/gradle/m2repository/com/android/databinding/compilerCommon/2.2.0/compilerCommon-2.2.0.jar
7f58a8004000-7f58a8005000 r--s 00002000 08:06 1576420                    /usr/local/android-studio/gradle/m2repository/com/android/tools/build/gradle-api/2.2.0/gradle-api-2.2.0.jar
7f58a8005000-7f58a8006000 r--s 00000000 08:06 1576450                    /usr/local/android-studio/gradle/m2repository/com/android/tools/build/transform-api/2.0.0-deprecated-use-gradle-api/transform-api-2.0.0-deprecated-use-gradle-api.jar
7f58a8006000-7f58a800b000 r--s 00053000 08:06 1576638                    /usr/local/android-studio/gradle/m2repository/com/android/tools/lint/lint/25.2.0/lint-25.2.0.jar
7f58a800b000-7f58a800d000 r--s 0000d000 08:06 1576473                    /usr/local/android-studio/gradle/m2repository/com/android/tools/build/gradle/2.2.0/gradle-2.2.0.jar
7f58a800d000-7f58a8010000 ---p 00000000 00:00 0 
7f58a8010000-7f58a8046000 rw-p 00000000 00:00 0 
7f58a8046000-7f58a8047000 r--p 00000000 00:00 0 
7f58a8047000-7f58a80bf000 r--s 010eb000 08:06 1189987                    /usr/local/android-studio/jre/lib/tools.jar
7f58a80bf000-7f58a80c2000 ---p 00000000 00:00 0 
7f58a80c2000-7f58a81c0000 rw-p 00000000 00:00 0 
7f58a81c0000-7f58a81c3000 ---p 00000000 00:00 0 
7f58a81c3000-7f58a82c1000 rw-p 00000000 00:00 0 
7f58a82c1000-7f58a82c4000 ---p 00000000 00:00 0 
7f58a82c4000-7f58a83c2000 rw-p 00000000 00:00 0 
7f58a83c2000-7f58a83c5000 ---p 00000000 00:00 0 
7f58a83c5000-7f58a84c3000 rw-p 00000000 00:00 0 
7f58a84c3000-7f58a84c6000 ---p 00000000 00:00 0 
7f58a84c6000-7f58a87c4000 rw-p 00000000 00:00 0 
7f58a87c4000-7f58a87cb000 r--s 00000000 08:06 2499238                    /usr/lib/x86_64-linux-gnu/gconv/gconv-modules.cache
7f58a87cb000-7f58a87ce000 ---p 00000000 00:00 0 
7f58a87ce000-7f58a88cc000 rw-p 00000000 00:00 0 
7f58a88cc000-7f58a88d5000 r-xp 00000000 08:06 1318243                    /usr/local/android-studio/jre/jre/lib/amd64/libmanagement.so
7f58a88d5000-7f58a8ad4000 ---p 00009000 08:06 1318243                    /usr/local/android-studio/jre/jre/lib/amd64/libmanagement.so
7f58a8ad4000-7f58a8ad5000 r--p 00008000 08:06 1318243                    /usr/local/android-studio/jre/jre/lib/amd64/libmanagement.so
7f58a8ad5000-7f58a8ad6000 rw-p 00009000 08:06 1318243                    /usr/local/android-studio/jre/jre/lib/amd64/libmanagement.so
7f58a8ad6000-7f58a8ada000 r--s 00097000 08:06 1190090                    /usr/local/android-studio/jre/jre/lib/jsse.jar
7f58a8ada000-7f58a8adc000 r--s 00007000 08:06 1318547                    /usr/local/android-studio/gradle/gradle-2.14.1/lib/plugins/gradle-tooling-api-builders-2.14.1.jar
7f58a8adc000-7f58a8adf000 r--s 00008000 08:06 1318541                    /usr/local/android-studio/gradle/gradle-2.14.1/lib/plugins/gradle-testing-native-2.14.1.jar
7f58a8adf000-7f58a8ae1000 r--s 00009000 08:06 1318622                    /usr/local/android-studio/gradle/gradle-2.14.1/lib/plugins/hamcrest-core-1.3.jar
7f58a8ae1000-7f58a8ae7000 r--s 00033000 08:06 1318552                    /usr/local/android-studio/gradle/gradle-2.14.1/lib/plugins/snakeyaml-1.6.jar
7f58a8ae7000-7f58a8ae9000 r--s 00006000 08:06 1318573                    /usr/local/android-studio/gradle/gradle-2.14.1/lib/plugins/jcommander-1.12.jar
7f58a8ae9000-7f58a8aee000 r--s 00040000 08:06 1318550                    /usr/local/android-studio/gradle/gradle-2.14.1/lib/plugins/bsh-2.0b4.jar
7f58a8aee000-7f58a8af7000 r--s 00089000 08:06 1318576                    /usr/local/android-studio/gradle/gradle-2.14.1/lib/plugins/testng-6.3.1.jar
7f58a8af7000-7f58a8aff000 r--s 00045000 08:06 1318581                    /usr/local/android-studio/gradle/gradle-2.14.1/lib/plugins/junit-4.12.jar
7f58a8aff000-7f58a8b05000 r--s 0002e000 08:06 1318557                    /usr/local/android-studio/gradle/gradle-2.14.1/lib/plugins/gradle-testing-jvm-2.14.1.jar
7f58a8b05000-7f58a8b0a000 r--s 00015000 08:06 1318566                    /usr/local/android-studio/gradle/gradle-2.14.1/lib/plugins/gradle-testing-base-2.14.1.jar
7f58a8b0a000-7f58a8b0b000 r--s 00002000 08:06 1318579                    /usr/local/android-studio/gradle/gradle-2.14.1/lib/plugins/sonar-batch-bootstrapper-2.9.jar
7f58a8b0b000-7f58a8b0e000 r--s 00015000 08:06 1318556                    /usr/local/android-studio/gradle/gradle-2.14.1/lib/plugins/gradle-sonar-2.14.1.jar
7f58a8b0e000-7f58a8b15000 r--s 00038000 08:06 1318597                    /usr/local/android-studio/gradle/gradle-2.14.1/lib/plugins/bcpg-jdk15on-1.51.jar
7f58a8b15000-7f58a8b17000 r--s 0000d000 08:06 1318603                    /usr/local/android-studio/gradle/gradle-2.14.1/lib/plugins/gradle-signing-2.14.1.jar
7f58a8b17000-7f58a8b1a000 r--s 00009000 08:06 1318586                    /usr/local/android-studio/gradle/gradle-2.14.1/lib/plugins/gradle-scala-2.14.1.jar
7f58a8b1a000-7f58a8b1b000 r--s 00004000 08:06 1318610                    /usr/local/android-studio/gradle/gradle-2.14.1/lib/plugins/gradle-resources-sftp-2.14.1.jar
7f58a8b1b000-7f58a8b2b000 r--s 00088000 08:06 1318563                    /usr/local/android-studio/gradle/gradle-2.14.1/lib/plugins/joda-time-2.8.2.jar
7f58a8b2b000-7f58a8b3c000 r--s 000cf000 08:06 1318629                    /usr/local/android-studio/gradle/gradle-2.14.1/lib/plugins/jackson-databind-2.3.2.jar
7f58a8b3c000-7f58a8b3e000 r--s 00007000 08:06 1318592                    /usr/local/android-studio/gradle/gradle-2.14.1/lib/plugins/jackson-annotations-2.3.2.jar
7f58a8b3e000-7f58a8b41000 r--s 0002e000 08:06 1318599                    /usr/local/android-studio/gradle/gradle-2.14.1/lib/plugins/jackson-core-2.3.2.jar
7f58a8b41000-7f58a8b4c000 r--s 0006b000 08:06 1318646                    /usr/local/android-studio/gradle/gradle-2.14.1/lib/plugins/aws-java-sdk-core-1.9.19.jar
7f58a8b4c000-7f58a8b52000 r--s 00036000 08:06 1318591                    /usr/local/android-studio/gradle/gradle-2.14.1/lib/plugins/aws-java-sdk-kms-1.9.19.jar
7f58a8b52000-7f58a8b5d000 r--s 00079000 08:06 1318578                    /usr/local/android-studio/gradle/gradle-2.14.1/lib/plugins/aws-java-sdk-s3-1.9.19.jar
7f58a8b5d000-7f58a8b5e000 r--s 00003000 08:06 1318625                    /usr/local/android-studio/gradle/gradle-2.14.1/lib/plugins/gradle-resources-s3-2.14.1.jar
7f58a8b5e000-7f58a8b60000 r--s 00005000 08:06 1318620                    /usr/local/android-studio/gradle/gradle-2.14.1/lib/plugins/jatl-0.2.2.jar
7f58a8b60000-7f58a8b62000 r--s 0000f000 08:06 1318637                    /usr/local/android-studio/gradle/gradle-2.14.1/lib/plugins/gradle-reporting-2.14.1.jar
7f58a8b62000-7f58a8b64000 r--s 00002000 08:06 1318596                    /usr/local/android-studio/gradle/gradle-2.14.1/lib/plugins/gradle-publish-2.14.1.jar
7f58a8b64000-7f58a8b66000 r--s 00009000 08:06 1318569                    /usr/local/android-studio/gradle/gradle-2.14.1/lib/plugins/commons-cli-1.2.jar
7f58a8b66000-7f58a8b6c000 r--s 00033000 08:06 1318580                    /usr/local/android-studio/gradle/gradle-2.14.1/lib/plugins/gradle-plugins-2.14.1.jar
7f58a8b6c000-7f58a8b6e000 r--s 00007000 08:06 1318544                    /usr/local/android-studio/gradle/gradle-2.14.1/lib/plugins/gradle-plugin-development-2.14.1.jar
7f58a8b6e000-7f58a8b74000 r--s 0002a000 08:06 1318602                    /usr/local/android-studio/gradle/gradle-2.14.1/lib/plugins/gradle-platform-play-2.14.1.jar
7f58a8b74000-7f58a8b81000 r--s 0004d000 08:06 1318601                    /usr/local/android-studio/gradle/gradle-2.14.1/lib/plugins/gradle-platform-native-2.14.1.jar
7f58a8b81000-7f58a8b85000 r--s 0001a000 08:06 1318623                    /usr/local/android-studio/gradle/gradle-2.14.1/lib/plugins/gradle-platform-jvm-2.14.1.jar
7f58a8b85000-7f58a8b8c000 r--s 00029000 08:06 1318572                    /usr/local/android-studio/gradle/gradle-2.14.1/lib/plugins/gradle-platform-base-2.14.1.jar
7f58a8b8c000-7f58a8bad000 r--s 001c3000 08:06 1318548                    /usr/local/android-studio/gradle/gradle-2.14.1/lib/plugins/bndlib-2.4.0.jar
7f58a8bad000-7f58a8baf000 r--s 00003000 08:06 1318628                    /usr/local/android-studio/gradle/gradle-2.14.1/lib/plugins/gradle-osgi-2.14.1.jar
7f58a8baf000-7f58a8bb2000 r--s 0000c000 08:06 1318632                    /usr/local/android-studio/gradle/gradle-2.14.1/lib/plugins/pmaven-groovy-0.8-20100325.jar
7f58a8bb2000-7f58a8bb3000 r--s 00004000 08:06 1318618                    /usr/local/android-studio/gradle/gradle-2.14.1/lib/plugins/pmaven-common-0.8-20100325.jar
7f58a8bb3000-7f58a8bb9000 r--s 00022000 08:06 1318571                    /usr/local/android-studio/gradle/gradle-2.14.1/lib/plugins/gradle-maven-2.14.1.jar
7f58a8bb9000-7f58a8bbb000 r--s 0000a000 08:06 1318553                    /usr/local/android-studio/gradle/gradle-2.14.1/lib/plugins/gradle-language-scala-2.14.1.jar
7f58a8bbb000-7f58a8bc1000 r--s 0001a000 08:06 1318558                    /usr/local/android-studio/gradle/gradle-2.14.1/lib/plugins/gradle-language-native-2.14.1.jar
7f58a8bc1000-7f58a8bc3000 r--s 00008000 08:06 1318546                    /usr/local/android-studio/gradle/gradle-2.14.1/lib/plugins/gradle-language-jvm-2.14.1.jar
7f58a8bc3000-7f58a8bc9000 r--s 00024000 08:06 1318619                    /usr/local/android-studio/gradle/gradle-2.14.1/lib/plugins/gradle-language-java-2.14.1.jar
7f58a8bc9000-7f58a8bcb000 r--s 0000a000 08:06 1318600                    /usr/local/android-studio/gradle/gradle-2.14.1/lib/plugins/gradle-language-groovy-2.14.1.jar
7f58a8bcb000-7f58a8bce000 r--s 0001e000 08:06 1318540                    /usr/local/android-studio/gradle/gradle-2.14.1/lib/plugins/jsp-api-2.1-6.1.14.jar
7f58a8bce000-7f58a8bf1000 r--s 00344000 08:06 1318593                    /usr/local/android-studio/gradle/gradle-2.14.1/lib/plugins/core-3.1.1.jar
7f58a8bf1000-7f58a8bf2000 r--s 00006000 08:06 1318630                    /usr/local/android-studio/gradle/gradle-2.14.1/lib/plugins/jetty-naming-6.1.25.jar
7f58a8bf2000-7f58a8bf3000 r--s 00002000 08:06 1318588                    /usr/local/android-studio/gradle/gradle-2.14.1/lib/plugins/geronimo-annotation_1.0_spec-1.0.jar
7f58a8bf3000-7f58a8bf5000 r--s 00002000 08:06 1318626                    /usr/local/android-studio/gradle/gradle-2.14.1/lib/plugins/jetty-annotations-6.1.25.jar
7f58a8bf5000-7f58a8c06000 r--s 000ea000 08:06 1318639                    /usr/local/android-studio/gradle/gradle-2.14.1/lib/plugins/jsp-2.1-6.1.14.jar
7f58a8c06000-7f58a8c08000 r--s 0000d000 08:06 1318594                    /usr/local/android-studio/gradle/gradle-2.14.1/lib/plugins/jetty-plus-6.1.25.jar
7f58a8c08000-7f58a8c0a000 r--s 0001f000 08:06 1318653                    /usr/local/android-studio/gradle/gradle-2.14.1/lib/plugins/servlet-api-2.5-20081211.jar
7f58a8c0a000-7f58a8c0e000 r--s 00028000 08:06 1318574                    /usr/local/android-studio/gradle/gradle-2.14.1/lib/plugins/jetty-util-6.1.25.jar
7f58a8c0e000-7f58a8c15000 r--s 0007d000 08:06 1318582                    /usr/local/android-studio/gradle/gradle-2.14.1/lib/plugins/jetty-6.1.25.jar
7f58a8c15000-7f58a8c17000 r--s 00009000 08:06 1318635                    /usr/local/android-studio/gradle/gradle-2.14.1/lib/plugins/gradle-jetty-2.14.1.jar
7f58a8c17000-7f58a8c1e000 r--s 00035000 08:06 1318649                    /usr/local/android-studio/gradle/gradle-2.14.1/lib/plugins/simple-4.1.21.jar
7f58a8c1e000-7f58a8c2a000 r--s 00100000 08:06 1318564                    /usr/local/android-studio/gradle/gradle-2.14.1/lib/plugins/rhino-1.7R3.jar
7f58a8c2a000-7f58a8c2e000 r--s 00011000 08:06 1318617                    /usr/local/android-studio/gradle/gradle-2.14.1/lib/plugins/gradle-javascript-2.14.1.jar
7f58a8c2e000-7f58a8c30000 r--s 0000c000 08:06 1318651                    /usr/local/android-studio/gradle/gradle-2.14.1/lib/plugins/gradle-jacoco-2.14.1.jar
7f58a8c30000-7f58a8c33000 r--s 0000e000 08:06 1318648                    /usr/local/android-studio/gradle/gradle-2.14.1/lib/plugins/gradle-ivy-2.14.1.jar
7f58a8c33000-7f58a8c34000 r--s 00002000 08:06 1318640                    /usr/local/android-studio/gradle/gradle-2.14.1/lib/plugins/gradle-ide-play-2.14.1.jar
7f58a8c34000-7f58a8c39000 r--s 0002b000 08:06 1318636                    /usr/local/android-studio/gradle/gradle-2.14.1/lib/plugins/gradle-ide-native-2.14.1.jar
7f58a8c39000-7f58a8c44000 r--s 00066000 08:06 1318554                    /usr/local/android-studio/gradle/gradle-2.14.1/lib/plugins/gradle-ide-2.14.1.jar
7f58a8c44000-7f58a8c45000 r--s 00008000 08:06 1318551                    /usr/local/android-studio/gradle/gradle-2.14.1/lib/plugins/gradle-ear-2.14.1.jar
7f58a8c45000-7f58a8c4b000 r--s 00032000 08:06 1318562                    /usr/local/android-studio/gradle/gradle-2.14.1/lib/plugins/gradle-diagnostics-2.14.1.jar
7f58a8c4b000-7f58a8c4f000 r--s 00021000 08:06 1318638                    /usr/local/android-studio/gradle/gradle-2.14.1/lib/plugins/gradle-code-quality-2.14.1.jar
7f58a8c4f000-7f58a8c53000 r--s 0001f000 08:06 1318561                    /usr/local/android-studio/gradle/gradle-2.14.1/lib/plugins/gradle-build-init-2.14.1.jar
7f58a8c53000-7f58a8c5a000 r--s 0008e000 08:06 1318645                    /usr/local/android-studio/gradle/gradle-2.14.1/lib/plugins/gradle-build-comparison-2.14.1.jar
7f58a8c5a000-7f58a8c5c000 r--s 00008000 08:06 1318621                    /usr/local/android-studio/gradle/gradle-2.14.1/lib/plugins/gradle-antlr-2.14.1.jar
7f58a8c5c000-7f58a8c5e000 r--s 00004000 08:06 1318647                    /usr/local/android-studio/gradle/gradle-2.14.1/lib/plugins/gradle-announce-2.14.1.jar
7f58a8c5e000-7f58a8c76000 r--s 00115000 08:06 1318585                    /usr/local/android-studio/gradle/gradle-2.14.1/lib/plugins/xercesImpl-2.9.1.jar
7f58a8c76000-7f58a8c7e000 r--s 00028000 08:06 1318613                    /usr/local/android-studio/gradle/gradle-2.14.1/lib/plugins/xml-apis-1.3.04.jar
7f58a8c7e000-7f58a8c84000 r--s 0005b000 08:06 1318604                    /usr/local/android-studio/gradle/gradle-2.14.1/lib/plugins/jcifs-1.3.17.jar
7f58a8c84000-7f58a8c8b000 r--s 00049000 08:06 1318615                    /usr/local/android-studio/gradle/gradle-2.14.1/lib/plugins/httpcore-4.4.4.jar
7f58a8c8b000-7f58a8c91000 r--s 00033000 08:06 1318560                    /usr/local/android-studio/gradle/gradle-2.14.1/lib/plugins/commons-codec-1.6.jar
7f58a8c91000-7f58a8c94000 r--s 0001c000 08:06 1318555                    /usr/local/android-studio/gradle/gradle-2.14.1/lib/plugins/nekohtml-1.9.14.jar
7f58a8c94000-7f58a8ca1000 r--s 000a4000 08:06 1318633                    /usr/local/android-studio/gradle/gradle-2.14.1/lib/plugins/httpclient-4.4.1.jar
7f58a8ca1000-7f58a8ca3000 r--s 0000a000 08:06 1318542                    /usr/local/android-studio/gradle/gradle-2.14.1/lib/plugins/gradle-resources-http-2.14.1.jar
7f58a8ca3000-7f58a8ca7000 r--s 00014000 08:06 1318607                    /usr/local/android-studio/gradle/gradle-2.14.1/lib/plugins/gradle-plugin-use-2.14.1.jar
7f58a8ca7000-7f58a8ca8000 r--s 00000000 08:06 1318498                    /usr/local/android-studio/gradle/gradle-2.14.1/lib/gradle-installation-beacon-2.14.1.jar
7f58a8ca8000-7f58a8ca9000 r--s 00007000 08:06 1318570                    /usr/local/android-studio/gradle/gradle-2.14.1/lib/plugins/wagon-http-shared4-2.4.jar
7f58a8ca9000-7f58a8cad000 r--s 00033000 08:06 1318624                    /usr/local/android-studio/gradle/gradle-2.14.1/lib/plugins/plexus-utils-2.0.6.jar
7f58a8cad000-7f58a8cb1000 r--s 00021000 08:06 1318606                    /usr/local/android-studio/gradle/gradle-2.14.1/lib/plugins/maven-model-builder-3.0.4.jar
7f58a8cb1000-7f58a8cb2000 r--s 00002000 08:06 1318559                    /usr/local/android-studio/gradle/gradle-2.14.1/lib/plugins/wagon-file-2.4.jar
7f58a8cb2000-7f58a8cb4000 r--s 00002000 08:06 1318616                    /usr/local/android-studio/gradle/gradle-2.14.1/lib/plugins/plexus-cipher-1.7.jar
7f58a8cb4000-7f58a8cb7000 r--s 00013000 08:06 1318652                    /usr/local/android-studio/gradle/gradle-2.14.1/lib/plugins/aether-api-1.13.1.jar
7f58a8cb7000-7f58a8cb9000 r--s 0000a000 08:06 1318575                    /usr/local/android-studio/gradle/gradle-2.14.1/lib/plugins/maven-settings-3.0.4.jar
7f58a8cb9000-7f58a8cbb000 r--s 0000d000 08:06 1318608                    /usr/local/android-studio/gradle/gradle-2.14.1/lib/plugins/plexus-interpolation-1.14.jar
7f58a8cbb000-7f58a8cbd000 r--s 0000b000 08:06 1318631                    /usr/local/android-studio/gradle/gradle-2.14.1/lib/plugins/maven-artifact-3.0.4.jar
7f58a8cbd000-7f58a8cc4000 r--s 0002e000 08:06 1318567                    /usr/local/android-studio/gradle/gradle-2.14.1/lib/plugins/plexus-container-default-1.5.5.jar
7f58a8cc4000-7f58a8cc6000 r--s 0000b000 08:06 1318595                    /usr/local/android-studio/gradle/gradle-2.14.1/lib/plugins/maven-plugin-api-3.0.4.jar
7f58a8cc6000-7f58a8cc8000 r--s 00000000 08:06 1318598                    /usr/local/android-studio/gradle/gradle-2.14.1/lib/plugins/plexus-component-annotations-1.5.5.jar
7f58a8cc8000-7f58a8cce000 r--s 0003f000 08:06 1318609                    /usr/local/android-studio/gradle/gradle-2.14.1/lib/plugins/maven-compat-3.0.4.jar
7f58a8cce000-7f58a8cd1000 r--s 00008000 08:06 1318583                    /usr/local/android-studio/gradle/gradle-2.14.1/lib/plugins/maven-settings-builder-3.0.4.jar
7f58a8cd1000-7f58a8cd3000 r--s 00026000 08:06 1318650                    /usr/local/android-studio/gradle/gradle-2.14.1/lib/plugins/maven-model-3.0.4.jar
7f58a8cd3000-7f58a8cd5000 r--s 00006000 08:06 1318627                    /usr/local/android-studio/gradle/gradle-2.14.1/lib/plugins/aether-connector-wagon-1.13.1.jar
7f58a8cd5000-7f58a8cd7000 r--s 0000a000 08:06 1318568                    /usr/local/android-studio/gradle/gradle-2.14.1/lib/plugins/plexus-classworlds-2.4.jar
7f58a8cd7000-7f58a8cd9000 r--s 00006000 08:06 1318611                    /usr/local/android-studio/gradle/gradle-2.14.1/lib/plugins/maven-repository-metadata-3.0.4.jar
7f58a8cd9000-7f58a8cdb000 r--s 0000c000 08:06 1318587                    /usr/local/android-studio/gradle/gradle-2.14.1/lib/plugins/maven-aether-provider-3.0.4.jar
7f58a8cdb000-7f58a8cdd000 r--s 0000b000 08:06 1318577                    /usr/local/android-studio/gradle/gradle-2.14.1/lib/plugins/wagon-provider-api-2.4.jar
7f58a8cdd000-7f58a8ce1000 r--s 0001c000 08:06 1318641                    /usr/local/android-studio/gradle/gradle-2.14.1/lib/plugins/aether-util-1.13.1.jar
7f58a8ce1000-7f58a8ce4000 r--s 0001d000 08:06 1318605                    /usr/local/android-studio/gradle/gradle-2.14.1/lib/plugins/aether-impl-1.13.1.jar
7f58a8ce4000-7f58a8ce9000 r--s 00040000 08:06 1318545                    /usr/local/android-studio/gradle/gradle-2.14.1/lib/plugins/jsch-0.1.53.jar
7f58a8ce9000-7f58a8d29000 r--s 00277000 08:06 1318549                    /usr/local/android-studio/gradle/gradle-2.14.1/lib/plugins/bcprov-jdk15on-1.51.jar
7f58a8d29000-7f58a8d2d000 r--s 0001d000 08:06 1318590                    /usr/local/android-studio/gradle/gradle-2.14.1/lib/plugins/xbean-reflect-3.4.jar
7f58a8d2d000-7f58a8d39000 r--s 0007d000 08:06 1318614                    /usr/local/android-studio/gradle/gradle-2.14.1/lib/plugins/maven-core-3.0.4.jar
7f58a8d39000-7f58a8d3e000 r--s 0002a000 08:06 1318584                    /usr/local/android-studio/gradle/gradle-2.14.1/lib/plugins/gson-2.2.4.jar
7f58a8d3e000-7f58a8d4d000 r--s 000d9000 08:06 1318565                    /usr/local/android-studio/gradle/gradle-2.14.1/lib/plugins/ivy-2.2.0.jar
7f58a8d4d000-7f58a8d63000 r-xp 00000000 08:06 1184376                    /lib/x86_64-linux-gnu/libgcc_s.so.1
7f58a8d63000-7f58a8f62000 ---p 00016000 08:06 1184376                    /lib/x86_64-linux-gnu/libgcc_s.so.1
7f58a8f62000-7f58a8f63000 rw-p 00015000 08:06 1184376                    /lib/x86_64-linux-gnu/libgcc_s.so.1
7f58a8f63000-7f58a90d5000 r-xp 00000000 08:06 2228253                    /usr/lib/x86_64-linux-gnu/libstdc++.so.6.0.21
7f58a90d5000-7f58a92d5000 ---p 00172000 08:06 2228253                    /usr/lib/x86_64-linux-gnu/libstdc++.so.6.0.21
7f58a92d5000-7f58a92df000 r--p 00172000 08:06 2228253                    /usr/lib/x86_64-linux-gnu/libstdc++.so.6.0.21
7f58a92df000-7f58a92e1000 rw-p 0017c000 08:06 2228253                    /usr/lib/x86_64-linux-gnu/libstdc++.so.6.0.21
7f58a92e1000-7f58a92e5000 rw-p 00000000 00:00 0 
7f58a92e5000-7f58a92e6000 r--s 00002000 08:06 1318539                    /usr/local/android-studio/gradle/gradle-2.14.1/lib/plugins/wagon-http-2.4.jar
7f58a92e6000-7f58a92e7000 r--s 00003000 08:06 1318543                    /usr/local/android-studio/gradle/gradle-2.14.1/lib/plugins/aether-spi-1.13.1.jar
7f58a92e7000-7f58a92e8000 r--s 00006000 08:06 1318612                    /usr/local/android-studio/gradle/gradle-2.14.1/lib/plugins/plexus-sec-dispatcher-1.3.jar
7f58a92e8000-7f58a9304000 r--s 000d3000 08:06 1318589                    /usr/local/android-studio/gradle/gradle-2.14.1/lib/plugins/gradle-dependency-management-2.14.1.jar
7f58a9304000-7f58a9308000 r-xp 00000000 08:06 1711027                    /home/liudmula/.gradle/native/19/linux-amd64/libnative-platform.so
7f58a9308000-7f58a9507000 ---p 00004000 08:06 1711027                    /home/liudmula/.gradle/native/19/linux-amd64/libnative-platform.so
7f58a9507000-7f58a9508000 rw-p 00003000 08:06 1711027                    /home/liudmula/.gradle/native/19/linux-amd64/libnative-platform.so
7f58a9508000-7f58a9519000 r-xp 00000000 08:06 1318231                    /usr/local/android-studio/jre/jre/lib/amd64/libnio.so
7f58a9519000-7f58a9718000 ---p 00011000 08:06 1318231                    /usr/local/android-studio/jre/jre/lib/amd64/libnio.so
7f58a9718000-7f58a9719000 r--p 00010000 08:06 1318231                    /usr/local/android-studio/jre/jre/lib/amd64/libnio.so
7f58a9719000-7f58a971a000 rw-p 00011000 08:06 1318231                    /usr/local/android-studio/jre/jre/lib/amd64/libnio.so
7f58a971a000-7f58a9a1b000 rw-p 00000000 00:00 0 
7f58a9a1b000-7f58a9a32000 r-xp 00000000 08:06 1318229                    /usr/local/android-studio/jre/jre/lib/amd64/libnet.so
7f58a9a32000-7f58a9c31000 ---p 00017000 08:06 1318229                    /usr/local/android-studio/jre/jre/lib/amd64/libnet.so
7f58a9c31000-7f58a9c32000 r--p 00016000 08:06 1318229                    /usr/local/android-studio/jre/jre/lib/amd64/libnet.so
7f58a9c32000-7f58a9c33000 rw-p 00017000 08:06 1318229                    /usr/local/android-studio/jre/jre/lib/amd64/libnet.so
7f58a9c33000-7f58a9c35000 r--s 00005000 08:06 1318508                    /usr/local/android-studio/gradle/gradle-2.14.1/lib/gradle-wrapper-2.14.1.jar
7f58a9c35000-7f58a9c43000 r--s 0004f000 08:06 1318493                    /usr/local/android-studio/gradle/gradle-2.14.1/lib/gradle-tooling-api-2.14.1.jar
7f58a9c43000-7f58a9c45000 r--s 00002000 08:06 1318497                    /usr/local/android-studio/gradle/gradle-2.14.1/lib/gradle-open-api-2.14.1.jar
7f58a9c45000-7f58a9c4b000 r--s 00032000 08:06 1318531                    /usr/local/android-studio/gradle/gradle-2.14.1/lib/jaxen-1.1.jar
7f58a9c4b000-7f58a9c50000 r--s 00048000 08:06 1318496                    /usr/local/android-studio/gradle/gradle-2.14.1/lib/dom4j-1.6.1.jar
7f58a9c50000-7f58a9c5b000 r--s 00059000 08:06 1318525                    /usr/local/android-studio/gradle/gradle-2.14.1/lib/gradle-ui-2.14.1.jar
7f58a9c5b000-7f58a9c5e000 r--s 0000b000 08:06 1318654                    /usr/local/android-studio/gradle/gradle-2.14.1/lib/gradle-resources-2.14.1.jar
7f58a9c5e000-7f58a9c60000 r--s 00003000 08:06 1318534                    /usr/local/android-studio/gradle/gradle-2.14.1/lib/jcl-over-slf4j-1.7.10.jar
7f58a9c60000-7f58a9c61000 r--s 00005000 08:06 1318528                    /usr/local/android-studio/gradle/gradle-2.14.1/lib/log4j-over-slf4j-1.7.10.jar
7f58a9c61000-7f58a9c63000 r--s 00000000 08:06 1318655                    /usr/local/android-studio/gradle/gradle-2.14.1/lib/jul-to-slf4j-1.7.10.jar
7f58a9c63000-7f58a9c68000 r--s 0001c000 08:06 1318506                    /usr/local/android-studio/gradle/gradle-2.14.1/lib/gradle-logging-2.14.1.jar
7f58a9c68000-7f58a9c6a000 r--s 00007000 08:06 1318537                    /usr/local/android-studio/gradle/gradle-2.14.1/lib/objenesis-1.2.jar
7f58a9c6a000-7f58a9c6c000 r--s 00000000 08:06 1318501                    /usr/local/android-studio/gradle/gradle-2.14.1/lib/minlog-1.2.jar
7f58a9c6c000-7f58a9c6e000 r--s 0000f000 08:06 1318512                    /usr/local/android-studio/gradle/gradle-2.14.1/lib/reflectasm-1.07-shaded.jar
7f58a9c6e000-7f58a9c72000 r--s 00026000 08:06 1318526                    /usr/local/android-studio/gradle/gradle-2.14.1/lib/kryo-2.20.jar
7f58a9c72000-7f58a9c78000 r--s 00025000 08:06 1318495                    /usr/local/android-studio/gradle/gradle-2.14.1/lib/gradle-messaging-2.14.1.jar
7f58a9c78000-7f58a9c79000 r--s 00003000 08:06 1318533                    /usr/local/android-studio/gradle/gradle-2.14.1/lib/native-platform-freebsd-amd64-0.10.jar
7f58a9c79000-7f58a9c7a000 r--s 00003000 08:06 1318515                    /usr/local/android-studio/gradle/gradle-2.14.1/lib/native-platform-freebsd-i386-0.10.jar
7f58a9c7a000-7f58a9c7b000 r--s 00005000 08:06 1318503                    /usr/local/android-studio/gradle/gradle-2.14.1/lib/native-platform-windows-i386-0.10.jar
7f58a9c7b000-7f58a9c7c000 r--s 00005000 08:06 1318502                    /usr/local/android-studio/gradle/gradle-2.14.1/lib/native-platform-windows-amd64-0.10.jar
7f58a9c7c000-7f58a9c7d000 r--s 00003000 08:06 1318516                    /usr/local/android-studio/gradle/gradle-2.14.1/lib/native-platform-linux-i386-0.10.jar
7f58a9c7d000-7f58a9c7e000 r--s 00003000 08:06 1318500                    /usr/local/android-studio/gradle/gradle-2.14.1/lib/native-platform-linux-amd64-0.10.jar
7f58a9c7e000-7f58a9c7f000 r--s 00002000 08:06 1318499                    /usr/local/android-studio/gradle/gradle-2.14.1/lib/native-platform-osx-amd64-0.10.jar
7f58a9c7f000-7f58a9c81000 r--s 00008000 08:06 1318530                    /usr/local/android-studio/gradle/gradle-2.14.1/lib/jansi-1.2.1.jar
7f58a9c81000-7f58a9c84000 r--s 0000d000 08:06 1318524                    /usr/local/android-studio/gradle/gradle-2.14.1/lib/native-platform-0.10.jar
7f58a9c84000-7f58a9c88000 r--s 000e4000 08:06 1318523                    /usr/local/android-studio/gradle/gradle-2.14.1/lib/jna-3.2.7.jar
7f58a9c88000-7f58a9c8a000 r--s 00009000 08:06 1318535                    /usr/local/android-studio/gradle/gradle-2.14.1/lib/gradle-native-2.14.1.jar
7f58a9c8a000-7f58a9c8c000 r--s 00005000 08:06 1318536                    /usr/local/android-studio/gradle/gradle-2.14.1/lib/gradle-cli-2.14.1.jar
7f58a9c8c000-7f58a9cfb000 r--s 0063e000 08:06 1318658                    /usr/local/android-studio/gradle/gradle-2.14.1/lib/groovy-all-2.4.4.jar
7f58a9cfb000-7f58a9d23000 r--s 001cf000 08:06 1318509                    /usr/local/android-studio/gradle/gradle-2.14.1/lib/guava-jdk5-17.0.jar
7f58a9d23000-7f58a9d42000 r--s 001d1000 08:06 1318507                    /usr/local/android-studio/gradle/gradle-2.14.1/lib/ant-1.9.6.jar
7f58a9d42000-7f58a9d79000 r--s 001bd000 08:06 1318510                    /usr/local/android-studio/gradle/gradle-2.14.1/lib/gradle-core-2.14.1.jar
7f58a9d79000-7f58a9d7a000 ---p 00000000 00:00 0 
7f58a9d7a000-7f58a9e7a000 rw-p 00000000 00:00 0 
7f58a9e7a000-7f58a9e7d000 ---p 00000000 00:00 0 
7f58a9e7d000-7f58a9f7b000 rw-p 00000000 00:00 0 
7f58a9f7b000-7f58a9f7e000 ---p 00000000 00:00 0 
7f58a9f7e000-7f58aa07c000 rw-p 00000000 00:00 0 
7f58aa07c000-7f58aa07f000 ---p 00000000 00:00 0 
7f58aa07f000-7f58aa17d000 rw-p 00000000 00:00 0 
7f58aa17d000-7f58aa180000 ---p 00000000 00:00 0 
7f58aa180000-7f58aa27e000 rw-p 00000000 00:00 0 
7f58aa27e000-7f58aadb4000 r--p 00000000 08:06 2236290                    /usr/lib/locale/locale-archive
7f58aadb4000-7f58aadb7000 ---p 00000000 00:00 0 
7f58aadb7000-7f58aaeb5000 rw-p 00000000 00:00 0 
7f58aaeb5000-7f58aaeb8000 ---p 00000000 00:00 0 
7f58aaeb8000-7f58aafb6000 rw-p 00000000 00:00 0 
7f58aafb6000-7f58aafb7000 ---p 00000000 00:00 0 
7f58aafb7000-7f58ac000000 rw-p 00000000 00:00 0 
7f58ac000000-7f58ac033000 rw-p 00000000 00:00 0 
7f58ac033000-7f58b0000000 ---p 00000000 00:00 0 
7f58b0000000-7f58b000f000 r--s 00080000 08:06 1318521                    /usr/local/android-studio/gradle/gradle-2.14.1/lib/gradle-model-core-2.14.1.jar
7f58b000f000-7f58b025e000 rw-p 00000000 00:00 0 
7f58b025e000-7f58b042b000 r--s 03bec000 08:06 1190079                    /usr/local/android-studio/jre/jre/lib/rt.jar
7f58b042b000-7f58b37a1000 rw-p 00000000 00:00 0 
7f58b37a1000-7f58b37a2000 ---p 00000000 00:00 0 
7f58b37a2000-7f58b38cb000 rw-p 00000000 00:00 0 
7f58b38cb000-7f58b3aa2000 ---p 00000000 00:00 0 
7f58b3aa2000-7f58b3acb000 rw-p 00000000 00:00 0 
7f58b3acb000-7f58b3ca2000 ---p 00000000 00:00 0 
7f58b3ca2000-7f58b3d47000 rw-p 00000000 00:00 0 
7f58b3d47000-7f58b3da2000 ---p 00000000 00:00 0 
7f58b3da2000-7f58b3e0d000 rw-p 00000000 00:00 0 
7f58b3e0d000-7f58b4163000 ---p 00000000 00:00 0 
7f58b4163000-7f58b5bb3000 rwxp 00000000 00:00 0 
7f58b5bb3000-7f58c3163000 ---p 00000000 00:00 0 
7f58c3163000-7f58c317d000 r-xp 00000000 08:06 1318226                    /usr/local/android-studio/jre/jre/lib/amd64/libzip.so
7f58c317d000-7f58c337d000 ---p 0001a000 08:06 1318226                    /usr/local/android-studio/jre/jre/lib/amd64/libzip.so
7f58c337d000-7f58c337e000 r--p 0001a000 08:06 1318226                    /usr/local/android-studio/jre/jre/lib/amd64/libzip.so
7f58c337e000-7f58c337f000 rw-p 0001b000 08:06 1318226                    /usr/local/android-studio/jre/jre/lib/amd64/libzip.so
7f58c337f000-7f58c338a000 r-xp 00000000 08:06 1182582                    /lib/x86_64-linux-gnu/libnss_files-2.23.so
7f58c338a000-7f58c3589000 ---p 0000b000 08:06 1182582                    /lib/x86_64-linux-gnu/libnss_files-2.23.so
7f58c3589000-7f58c358a000 r--p 0000a000 08:06 1182582                    /lib/x86_64-linux-gnu/libnss_files-2.23.so
7f58c358a000-7f58c358b000 rw-p 0000b000 08:06 1182582                    /lib/x86_64-linux-gnu/libnss_files-2.23.so
7f58c358b000-7f58c3591000 rw-p 00000000 00:00 0 
7f58c3591000-7f58c359c000 r-xp 00000000 08:06 1182572                    /lib/x86_64-linux-gnu/libnss_nis-2.23.so
7f58c359c000-7f58c379b000 ---p 0000b000 08:06 1182572                    /lib/x86_64-linux-gnu/libnss_nis-2.23.so
7f58c379b000-7f58c379c000 r--p 0000a000 08:06 1182572                    /lib/x86_64-linux-gnu/libnss_nis-2.23.so
7f58c379c000-7f58c379d000 rw-p 0000b000 08:06 1182572                    /lib/x86_64-linux-gnu/libnss_nis-2.23.so
7f58c379d000-7f58c37b3000 r-xp 00000000 08:06 1182537                    /lib/x86_64-linux-gnu/libnsl-2.23.so
7f58c37b3000-7f58c39b2000 ---p 00016000 08:06 1182537                    /lib/x86_64-linux-gnu/libnsl-2.23.so
7f58c39b2000-7f58c39b3000 r--p 00015000 08:06 1182537                    /lib/x86_64-linux-gnu/libnsl-2.23.so
7f58c39b3000-7f58c39b4000 rw-p 00016000 08:06 1182537                    /lib/x86_64-linux-gnu/libnsl-2.23.so
7f58c39b4000-7f58c39b6000 rw-p 00000000 00:00 0 
7f58c39b6000-7f58c39be000 r-xp 00000000 08:06 1181224                    /lib/x86_64-linux-gnu/libnss_compat-2.23.so
7f58c39be000-7f58c3bbd000 ---p 00008000 08:06 1181224                    /lib/x86_64-linux-gnu/libnss_compat-2.23.so
7f58c3bbd000-7f58c3bbe000 r--p 00007000 08:06 1181224                    /lib/x86_64-linux-gnu/libnss_compat-2.23.so
7f58c3bbe000-7f58c3bbf000 rw-p 00008000 08:06 1181224                    /lib/x86_64-linux-gnu/libnss_compat-2.23.so
7f58c3bbf000-7f58c3bec000 r-xp 00000000 08:06 1318236                    /usr/local/android-studio/jre/jre/lib/amd64/libjava.so
7f58c3bec000-7f58c3deb000 ---p 0002d000 08:06 1318236                    /usr/local/android-studio/jre/jre/lib/amd64/libjava.so
7f58c3deb000-7f58c3dec000 r--p 0002c000 08:06 1318236                    /usr/local/android-studio/jre/jre/lib/amd64/libjava.so
7f58c3dec000-7f58c3dee000 rw-p 0002d000 08:06 1318236                    /usr/local/android-studio/jre/jre/lib/amd64/libjava.so
7f58c3dee000-7f58c3dfe000 r-xp 00000000 08:06 1318252                    /usr/local/android-studio/jre/jre/lib/amd64/libverify.so
7f58c3dfe000-7f58c3ffd000 ---p 00010000 08:06 1318252                    /usr/local/android-studio/jre/jre/lib/amd64/libverify.so
7f58c3ffd000-7f58c3fff000 r--p 0000f000 08:06 1318252                    /usr/local/android-studio/jre/jre/lib/amd64/libverify.so
7f58c3fff000-7f58c4000000 rw-p 00011000 08:06 1318252                    /usr/local/android-studio/jre/jre/lib/amd64/libverify.so
7f58c4000000-7f58c4b62000 rw-p 00000000 00:00 0 
7f58c4b62000-7f58c8000000 ---p 00000000 00:00 0 
7f58c8000000-7f58c800d000 r--s 00083000 08:06 1318656                    /usr/local/android-studio/gradle/gradle-2.14.1/lib/commons-collections-3.2.2.jar
7f58c800d000-7f58c800e000 ---p 00000000 00:00 0 
7f58c800e000-7f58c810e000 rw-p 00000000 00:00 0 
7f58c810e000-7f58c8115000 r-xp 00000000 08:06 1182591                    /lib/x86_64-linux-gnu/librt-2.23.so
7f58c8115000-7f58c8314000 ---p 00007000 08:06 1182591                    /lib/x86_64-linux-gnu/librt-2.23.so
7f58c8314000-7f58c8315000 r--p 00006000 08:06 1182591                    /lib/x86_64-linux-gnu/librt-2.23.so
7f58c8315000-7f58c8316000 rw-p 00007000 08:06 1182591                    /lib/x86_64-linux-gnu/librt-2.23.so
7f58c8316000-7f58c841e000 r-xp 00000000 08:06 1182588                    /lib/x86_64-linux-gnu/libm-2.23.so
7f58c841e000-7f58c861d000 ---p 00108000 08:06 1182588                    /lib/x86_64-linux-gnu/libm-2.23.so
7f58c861d000-7f58c861e000 r--p 00107000 08:06 1182588                    /lib/x86_64-linux-gnu/libm-2.23.so
7f58c861e000-7f58c861f000 rw-p 00108000 08:06 1182588                    /lib/x86_64-linux-gnu/libm-2.23.so
7f58c861f000-7f58c9205000 r-xp 00000000 08:06 1318256                    /usr/local/android-studio/jre/jre/lib/amd64/server/libjvm.so
7f58c9205000-7f58c9405000 ---p 00be6000 08:06 1318256                    /usr/local/android-studio/jre/jre/lib/amd64/server/libjvm.so
7f58c9405000-7f58c94a4000 r--p 00be6000 08:06 1318256                    /usr/local/android-studio/jre/jre/lib/amd64/server/libjvm.so
7f58c94a4000-7f58c94cd000 rw-p 00c85000 08:06 1318256                    /usr/local/android-studio/jre/jre/lib/amd64/server/libjvm.so
7f58c94cd000-7f58c950f000 rw-p 00000000 00:00 0 
7f58c950f000-7f58c9527000 r-xp 00000000 08:06 1182595                    /lib/x86_64-linux-gnu/libpthread-2.23.so
7f58c9527000-7f58c9726000 ---p 00018000 08:06 1182595                    /lib/x86_64-linux-gnu/libpthread-2.23.so
7f58c9726000-7f58c9727000 r--p 00017000 08:06 1182595                    /lib/x86_64-linux-gnu/libpthread-2.23.so
7f58c9727000-7f58c9728000 rw-p 00018000 08:06 1182595                    /lib/x86_64-linux-gnu/libpthread-2.23.so
7f58c9728000-7f58c972c000 rw-p 00000000 00:00 0 
7f58c972c000-7f58c972f000 r-xp 00000000 08:06 1182597                    /lib/x86_64-linux-gnu/libdl-2.23.so
7f58c972f000-7f58c992e000 ---p 00003000 08:06 1182597                    /lib/x86_64-linux-gnu/libdl-2.23.so
7f58c992e000-7f58c992f000 r--p 00002000 08:06 1182597                    /lib/x86_64-linux-gnu/libdl-2.23.so
7f58c992f000-7f58c9930000 rw-p 00003000 08:06 1182597                    /lib/x86_64-linux-gnu/libdl-2.23.so
7f58c9930000-7f58c9aef000 r-xp 00000000 08:06 1182596                    /lib/x86_64-linux-gnu/libc-2.23.so
7f58c9aef000-7f58c9cef000 ---p 001bf000 08:06 1182596                    /lib/x86_64-linux-gnu/libc-2.23.so
7f58c9cef000-7f58c9cf3000 r--p 001bf000 08:06 1182596                    /lib/x86_64-linux-gnu/libc-2.23.so
7f58c9cf3000-7f58c9cf5000 rw-p 001c3000 08:06 1182596                    /lib/x86_64-linux-gnu/libc-2.23.so
7f58c9cf5000-7f58c9cf9000 rw-p 00000000 00:00 0 
7f58c9cf9000-7f58c9d0f000 r-xp 00000000 08:06 1189996                    /usr/local/android-studio/jre/lib/amd64/jli/libjli.so
7f58c9d0f000-7f58c9f0e000 ---p 00016000 08:06 1189996                    /usr/local/android-studio/jre/lib/amd64/jli/libjli.so
7f58c9f0e000-7f58c9f0f000 r--p 00015000 08:06 1189996                    /usr/local/android-studio/jre/lib/amd64/jli/libjli.so
7f58c9f0f000-7f58c9f10000 rw-p 00016000 08:06 1189996                    /usr/local/android-studio/jre/lib/amd64/jli/libjli.so
7f58c9f10000-7f58c9f36000 r-xp 00000000 08:06 1182592                    /lib/x86_64-linux-gnu/ld-2.23.so
7f58c9f36000-7f58c9f37000 r--s 00002000 08:06 1318529                    /usr/local/android-studio/gradle/gradle-2.14.1/lib/native-platform-osx-i386-0.10.jar
7f58c9f37000-7f58c9f39000 r--s 00007000 08:06 1318505                    /usr/local/android-studio/gradle/gradle-2.14.1/lib/gradle-model-groovy-2.14.1.jar
7f58c9f39000-7f58c9f3a000 r--s 00006000 08:06 1318520                    /usr/local/android-studio/gradle/gradle-2.14.1/lib/gradle-base-services-groovy-2.14.1.jar
7f58c9f3a000-7f58c9f3b000 r--s 00002000 08:06 1318513                    /usr/local/android-studio/gradle/gradle-2.14.1/lib/gradle-docs-2.14.1.jar
7f58c9f3b000-7f58c9f3c000 r--s 00000000 08:06 1318657                    /usr/local/android-studio/gradle/gradle-2.14.1/lib/javax.inject-1.jar
7f58c9f3c000-7f58c9f3d000 r--s 00000000 08:06 1318511                    /usr/local/android-studio/gradle/gradle-2.14.1/lib/jcip-annotations-1.0.jar
7f58c9f3d000-7f58c9f41000 r--s 00027000 08:06 1318527                    /usr/local/android-studio/gradle/gradle-2.14.1/lib/commons-io-2.2.jar
7f58c9f41000-7f58c9f46000 r--s 00038000 08:06 1318517                    /usr/local/android-studio/gradle/gradle-2.14.1/lib/asm-all-5.1.jar
7f58c9f46000-7f58c9f47000 r--s 00001000 08:06 1318532                    /usr/local/android-studio/gradle/gradle-2.14.1/lib/gradle-process-services-2.14.1.jar
7f58c9f47000-7f58c9f48000 r--s 00000000 08:06 1318494                    /usr/local/android-studio/gradle/gradle-2.14.1/lib/gradle-jvm-services-2.14.1.jar
7f58c9f48000-7f58c9f4d000 r--s 00041000 08:06 1318519                    /usr/local/android-studio/gradle/gradle-2.14.1/lib/commons-lang-2.6.jar
7f58c9f4d000-7f58ca00f000 rw-p 00000000 00:00 0 
7f58ca00f000-7f58ca012000 ---p 00000000 00:00 0 
7f58ca012000-7f58ca114000 rw-p 00000000 00:00 0 
7f58ca114000-7f58ca115000 r--s 00007000 08:06 1318504                    /usr/local/android-studio/gradle/gradle-2.14.1/lib/slf4j-api-1.7.10.jar
7f58ca115000-7f58ca116000 r--s 00004000 08:06 1318522                    /usr/local/android-studio/gradle/gradle-2.14.1/lib/ant-launcher-1.9.6.jar
7f58ca116000-7f58ca11e000 r--s 0003a000 08:06 1318518                    /usr/local/android-studio/gradle/gradle-2.14.1/lib/gradle-base-services-2.14.1.jar
7f58ca11e000-7f58ca129000 r--s 00051000 08:06 1318514                    /usr/local/android-studio/gradle/gradle-2.14.1/lib/gradle-launcher-2.14.1.jar
7f58ca129000-7f58ca131000 rw-s 00000000 08:06 1454079                    /tmp/hsperfdata_liudmula/18917
7f58ca131000-7f58ca132000 rw-p 00000000 00:00 0 
7f58ca132000-7f58ca133000 ---p 00000000 00:00 0 
7f58ca133000-7f58ca135000 rw-p 00000000 00:00 0 
7f58ca135000-7f58ca136000 r--p 00025000 08:06 1182592                    /lib/x86_64-linux-gnu/ld-2.23.so
7f58ca136000-7f58ca137000 rw-p 00026000 08:06 1182592                    /lib/x86_64-linux-gnu/ld-2.23.so
7f58ca137000-7f58ca138000 rw-p 00000000 00:00 0 
7ffdfd803000-7ffdfd824000 rw-p 00000000 00:00 0                          [stack]
7ffdfd89b000-7ffdfd89d000 r--p 00000000 00:00 0                          [vvar]
7ffdfd89d000-7ffdfd89f000 r-xp 00000000 00:00 0                          [vdso]
ffffffffff600000-ffffffffff601000 r-xp 00000000 00:00 0                  [vsyscall]

VM Arguments:
jvm_args: -Xmx1536m -Dfile.encoding=UTF-8 -Duser.country=US -Duser.language=en -Duser.variant 
java_command: org.gradle.launcher.daemon.bootstrap.GradleDaemon 2.14.1
java_class_path (initial): /usr/local/android-studio/gradle/gradle-2.14.1/lib/gradle-launcher-2.14.1.jar
Launcher Type: SUN_STANDARD

Environment Variables:
JAVA_HOME=/usr/lib/jvm/java-8-oracle/jre/bin/java
PATH=/home/liudmula/bin:/home/liudmula/.local/bin:/usr/local/sbin:/usr/local/bin:/usr/sbin:/usr/bin:/sbin:/bin:/usr/games:/usr/local/games:/snap/bin
LD_LIBRARY_PATH=/usr/local/android-studio/bin:
SHELL=/bin/bash
DISPLAY=:0

Signal Handlers:
SIGSEGV: [libjvm.so+0x9daac0], sa_mask[0]=11111111011111111101111111111110, sa_flags=SA_RESTART|SA_SIGINFO
SIGBUS: [libjvm.so+0x9daac0], sa_mask[0]=11111111011111111101111111111110, sa_flags=SA_RESTART|SA_SIGINFO
SIGFPE: [libjvm.so+0x840d90], sa_mask[0]=11111111011111111101111111111110, sa_flags=SA_RESTART|SA_SIGINFO
SIGPIPE: [libjvm.so+0x840d90], sa_mask[0]=11111111011111111101111111111110, sa_flags=SA_RESTART|SA_SIGINFO
SIGXFSZ: [libjvm.so+0x840d90], sa_mask[0]=11111111011111111101111111111110, sa_flags=SA_RESTART|SA_SIGINFO
SIGILL: [libjvm.so+0x840d90], sa_mask[0]=11111111011111111101111111111110, sa_flags=SA_RESTART|SA_SIGINFO
SIGUSR1: SIG_DFL, sa_mask[0]=00000000000000000000000000000000, sa_flags=none
SIGUSR2: [libjvm.so+0x840c60], sa_mask[0]=00100000000000000000000000000000, sa_flags=SA_RESTART|SA_SIGINFO
SIGHUP: [libjvm.so+0x840e50], sa_mask[0]=11111111011111111101111111111110, sa_flags=SA_RESTART|SA_SIGINFO
SIGINT: [libjvm.so+0x840e50], sa_mask[0]=11111111011111111101111111111110, sa_flags=SA_RESTART|SA_SIGINFO
SIGTERM: [libjvm.so+0x840e50], sa_mask[0]=11111111011111111101111111111110, sa_flags=SA_RESTART|SA_SIGINFO
SIGQUIT: [libjvm.so+0x840e50], sa_mask[0]=11111111011111111101111111111110, sa_flags=SA_RESTART|SA_SIGINFO


---------------  S Y S T E M  ---------------

OS:DISTRIB_ID=Ubuntu
DISTRIB_RELEASE=16.04
DISTRIB_CODENAME=xenial
DISTRIB_DESCRIPTION="Ubuntu 16.04.1 LTS"

uname:Linux 4.4.0-51-generic #72-Ubuntu SMP Thu Nov 24 18:29:54 UTC 2016 x86_64
libc:glibc 2.23 NPTL 2.23 
rlimit: STACK 8192k, CORE 0k, NPROC 15150, NOFILE 65536, AS infinity
load average:4,03 3,97 3,00

/proc/meminfo:
MemTotal:        3918632 kB
MemFree:          127180 kB
MemAvailable:      51468 kB
Buffers:            2468 kB
Cached:           304680 kB
SwapCached:        18784 kB
Active:          2546780 kB
Inactive:        1036556 kB
Active(anon):    2523160 kB
Inactive(anon):  1009032 kB
Active(file):      23620 kB
Inactive(file):    27524 kB
Unevictable:          72 kB
Mlocked:              72 kB
SwapTotal:       1998844 kB
SwapFree:             12 kB
Dirty:              5080 kB
Writeback:             0 kB
AnonPages:       3258564 kB
Mapped:           217668 kB
Shmem:            256000 kB
Slab:              87036 kB
SReclaimable:      39960 kB
SUnreclaim:        47076 kB
KernelStack:       12096 kB
PageTables:        61460 kB
NFS_Unstable:          0 kB
Bounce:                0 kB
WritebackTmp:          0 kB
CommitLimit:     3958160 kB
Committed_AS:   11102812 kB
VmallocTotal:   34359738367 kB
VmallocUsed:           0 kB
VmallocChunk:          0 kB
HardwareCorrupted:     0 kB
AnonHugePages:    907264 kB
CmaTotal:              0 kB
CmaFree:               0 kB
HugePages_Total:       0
HugePages_Free:        0
HugePages_Rsvd:        0
HugePages_Surp:        0
Hugepagesize:       2048 kB
DirectMap4k:      208636 kB
DirectMap2M:     3858432 kB


CPU:total 2 (2 cores per cpu, 1 threads per core) family 6 model 58 stepping 9, cmov, cx8, fxsr, mmx, sse, sse2, sse3, ssse3, sse4.1, sse4.2, popcnt, clmul, erms, tsc, tscinvbit, tscinv

/proc/cpuinfo:
processor	: 0
vendor_id	: GenuineIntel
cpu family	: 6
model		: 58
model name	: Intel(R) Celeron(R) CPU 1017U @ 1.60GHz
stepping	: 9
microcode	: 0x1c
cpu MHz		: 1600.000
cache size	: 2048 KB
physical id	: 0
siblings	: 2
core id		: 0
cpu cores	: 2
apicid		: 0
initial apicid	: 0
fpu		: yes
fpu_exception	: yes
cpuid level	: 13
wp		: yes
flags		: fpu vme de pse tsc msr pae mce cx8 apic sep mtrr pge mca cmov pat pse36 clflush dts acpi mmx fxsr sse sse2 ss ht tm pbe syscall nx rdtscp lm constant_tsc arch_perfmon pebs bts rep_good nopl xtopology nonstop_tsc aperfmperf eagerfpu pni pclmulqdq dtes64 monitor ds_cpl vmx est tm2 ssse3 cx16 xtpr pdcm pcid sse4_1 sse4_2 x2apic popcnt tsc_deadline_timer xsave lahf_lm epb tpr_shadow vnmi flexpriority ept vpid fsgsbase smep erms xsaveopt dtherm arat pln pts
bugs		:
bogomips	: 3192.70
clflush size	: 64
cache_alignment	: 64
address sizes	: 36 bits physical, 48 bits virtual
power management:

processor	: 1
vendor_id	: GenuineIntel
cpu family	: 6
model		: 58
model name	: Intel(R) Celeron(R) CPU 1017U @ 1.60GHz
stepping	: 9
microcode	: 0x1c
cpu MHz		: 1600.000
cache size	: 2048 KB
physical id	: 0
siblings	: 2
core id		: 1
cpu cores	: 2
apicid		: 2
initial apicid	: 2
fpu		: yes
fpu_exception	: yes
cpuid level	: 13
wp		: yes
flags		: fpu vme de pse tsc msr pae mce cx8 apic sep mtrr pge mca cmov pat pse36 clflush dts acpi mmx fxsr sse sse2 ss ht tm pbe syscall nx rdtscp lm constant_tsc arch_perfmon pebs bts rep_good nopl xtopology nonstop_tsc aperfmperf eagerfpu pni pclmulqdq dtes64 monitor ds_cpl vmx est tm2 ssse3 cx16 xtpr pdcm pcid sse4_1 sse4_2 x2apic popcnt tsc_deadline_timer xsave lahf_lm epb tpr_shadow vnmi flexpriority ept vpid fsgsbase smep erms xsaveopt dtherm arat pln pts
bugs		:
bogomips	: 3192.70
clflush size	: 64
cache_alignment	: 64
address sizes	: 36 bits physical, 48 bits virtual
power management:



Memory: 4k page, physical 3918632k(127180k free), swap 1998844k(12k free)

vm_info: OpenJDK 64-Bit Server VM (25.76-b03) for linux-amd64 JRE (1.8.0_76-release-b03), built on Jun 29 2016 09:39:19 by "builder" with gcc 4.8.4

time: Mon Dec  5 22:52:13 2016
elapsed time: 379 seconds (0d 0h 6m 19s)

